2021-02-15 20:55:10.193 ERROR 7580 --- [main] j.LocalContainerEntityManagerFactoryBean : Failed to initialize JPA EntityManagerFactory: No identifier specified for entity: it.sirfin.CatalogoProdottiGal.model.Prodotto
2021-02-15 20:55:10.195  WARN 7580 --- [main] ConfigServletWebServerApplicationContext : Exception encountered during context initialization - cancelling refresh attempt: org.springframework.beans.factory.BeanCreationException: Error creating bean with name 'entityManagerFactory' defined in class path resource [org/springframework/boot/autoconfigure/orm/jpa/HibernateJpaConfiguration.class]: Invocation of init method failed; nested exception is org.hibernate.AnnotationException: No identifier specified for entity: it.sirfin.CatalogoProdottiGal.model.Prodotto
2021-02-15 20:55:10.226 ERROR 7580 --- [main] o.s.boot.SpringApplication               : Application run failed

org.springframework.beans.factory.BeanCreationException: Error creating bean with name 'entityManagerFactory' defined in class path resource [org/springframework/boot/autoconfigure/orm/jpa/HibernateJpaConfiguration.class]: Invocation of init method failed; nested exception is org.hibernate.AnnotationException: No identifier specified for entity: it.sirfin.CatalogoProdottiGal.model.Prodotto
	at org.springframework.beans.factory.support.AbstractAutowireCapableBeanFactory.initializeBean(AbstractAutowireCapableBeanFactory.java:1788) ~[spring-beans-5.3.3.jar:5.3.3]
	at org.springframework.beans.factory.support.AbstractAutowireCapableBeanFactory.doCreateBean(AbstractAutowireCapableBeanFactory.java:609) ~[spring-beans-5.3.3.jar:5.3.3]
	at org.springframework.beans.factory.support.AbstractAutowireCapableBeanFactory.createBean(AbstractAutowireCapableBeanFactory.java:531) ~[spring-beans-5.3.3.jar:5.3.3]
	at org.springframework.beans.factory.support.AbstractBeanFactory.lambda$doGetBean$0(AbstractBeanFactory.java:335) ~[spring-beans-5.3.3.jar:5.3.3]
	at org.springframework.beans.factory.support.DefaultSingletonBeanRegistry.getSingleton(DefaultSingletonBeanRegistry.java:234) ~[spring-beans-5.3.3.jar:5.3.3]
	at org.springframework.beans.factory.support.AbstractBeanFactory.doGetBean(AbstractBeanFactory.java:333) ~[spring-beans-5.3.3.jar:5.3.3]
	at org.springframework.beans.factory.support.AbstractBeanFactory.getBean(AbstractBeanFactory.java:208) ~[spring-beans-5.3.3.jar:5.3.3]
	at org.springframework.context.support.AbstractApplicationContext.getBean(AbstractApplicationContext.java:1159) ~[spring-context-5.3.3.jar:5.3.3]
	at org.springframework.context.support.AbstractApplicationContext.finishBeanFactoryInitialization(AbstractApplicationContext.java:913) ~[spring-context-5.3.3.jar:5.3.3]
	at org.springframework.context.support.AbstractApplicationContext.refresh(AbstractApplicationContext.java:588) ~[spring-context-5.3.3.jar:5.3.3]
	at org.springframework.boot.web.servlet.context.ServletWebServerApplicationContext.refresh(ServletWebServerApplicationContext.java:144) ~[spring-boot-2.4.2.jar:2.4.2]
	at org.springframework.boot.SpringApplication.refresh(SpringApplication.java:767) ~[spring-boot-2.4.2.jar:2.4.2]
	at org.springframework.boot.SpringApplication.refresh(SpringApplication.java:759) ~[spring-boot-2.4.2.jar:2.4.2]
	at org.springframework.boot.SpringApplication.refreshContext(SpringApplication.java:426) ~[spring-boot-2.4.2.jar:2.4.2]
	at org.springframework.boot.SpringApplication.run(SpringApplication.java:326) ~[spring-boot-2.4.2.jar:2.4.2]
	at org.springframework.boot.SpringApplication.run(SpringApplication.java:1311) ~[spring-boot-2.4.2.jar:2.4.2]
	at org.springframework.boot.SpringApplication.run(SpringApplication.java:1300) ~[spring-boot-2.4.2.jar:2.4.2]
	at it.sirfin.CatalogoProdottiGal.CatalogoProdottiGalApplication.main(CatalogoProdottiGalApplication.java:19) ~[classes/:na]
Caused by: org.hibernate.AnnotationException: No identifier specified for entity: it.sirfin.CatalogoProdottiGal.model.Prodotto
	at org.hibernate.cfg.InheritanceState.determineDefaultAccessType(InheritanceState.java:266) ~[hibernate-core-5.4.27.Final.jar:5.4.27.Final]
	at org.hibernate.cfg.InheritanceState.getElementsToProcess(InheritanceState.java:211) ~[hibernate-core-5.4.27.Final.jar:5.4.27.Final]
	at org.hibernate.cfg.AnnotationBinder.bindClass(AnnotationBinder.java:781) ~[hibernate-core-5.4.27.Final.jar:5.4.27.Final]
	at org.hibernate.boot.model.source.internal.annotations.AnnotationMetadataSourceProcessorImpl.processEntityHierarchies(AnnotationMetadataSourceProcessorImpl.java:248) ~[hibernate-core-5.4.27.Final.jar:5.4.27.Final]
	at org.hibernate.boot.model.process.spi.MetadataBuildingProcess$1.processEntityHierarchies(MetadataBuildingProcess.java:239) ~[hibernate-core-5.4.27.Final.jar:5.4.27.Final]
	at org.hibernate.boot.model.process.spi.MetadataBuildingProcess.complete(MetadataBuildingProcess.java:282) ~[hibernate-core-5.4.27.Final.jar:5.4.27.Final]
	at org.hibernate.jpa.boot.internal.EntityManagerFactoryBuilderImpl.metadata(EntityManagerFactoryBuilderImpl.java:1224) ~[hibernate-core-5.4.27.Final.jar:5.4.27.Final]
	at org.hibernate.jpa.boot.internal.EntityManagerFactoryBuilderImpl.build(EntityManagerFactoryBuilderImpl.java:1255) ~[hibernate-core-5.4.27.Final.jar:5.4.27.Final]
	at org.springframework.orm.jpa.vendor.SpringHibernateJpaPersistenceProvider.createContainerEntityManagerFactory(SpringHibernateJpaPersistenceProvider.java:58) ~[spring-orm-5.3.3.jar:5.3.3]
	at org.springframework.orm.jpa.LocalContainerEntityManagerFactoryBean.createNativeEntityManagerFactory(LocalContainerEntityManagerFactoryBean.java:365) ~[spring-orm-5.3.3.jar:5.3.3]
	at org.springframework.orm.jpa.AbstractEntityManagerFactoryBean.buildNativeEntityManagerFactory(AbstractEntityManagerFactoryBean.java:409) ~[spring-orm-5.3.3.jar:5.3.3]
	at org.springframework.orm.jpa.AbstractEntityManagerFactoryBean.afterPropertiesSet(AbstractEntityManagerFactoryBean.java:396) ~[spring-orm-5.3.3.jar:5.3.3]
	at org.springframework.orm.jpa.LocalContainerEntityManagerFactoryBean.afterPropertiesSet(LocalContainerEntityManagerFactoryBean.java:341) ~[spring-orm-5.3.3.jar:5.3.3]
	at org.springframework.beans.factory.support.AbstractAutowireCapableBeanFactory.invokeInitMethods(AbstractAutowireCapableBeanFactory.java:1847) ~[spring-beans-5.3.3.jar:5.3.3]
	at org.springframework.beans.factory.support.AbstractAutowireCapableBeanFactory.initializeBean(AbstractAutowireCapableBeanFactory.java:1784) ~[spring-beans-5.3.3.jar:5.3.3]
	... 17 common frames omitted

2021-02-15 20:58:02.839 ERROR 11472 --- [main] j.LocalContainerEntityManagerFactoryBean : Failed to initialize JPA EntityManagerFactory: No identifier specified for entity: it.sirfin.CatalogoProdottiGal.model.Prodotto
2021-02-15 20:58:02.841  WARN 11472 --- [main] ConfigServletWebServerApplicationContext : Exception encountered during context initialization - cancelling refresh attempt: org.springframework.beans.factory.BeanCreationException: Error creating bean with name 'entityManagerFactory' defined in class path resource [org/springframework/boot/autoconfigure/orm/jpa/HibernateJpaConfiguration.class]: Invocation of init method failed; nested exception is org.hibernate.AnnotationException: No identifier specified for entity: it.sirfin.CatalogoProdottiGal.model.Prodotto
2021-02-15 20:58:02.868 ERROR 11472 --- [main] o.s.boot.SpringApplication               : Application run failed

org.springframework.beans.factory.BeanCreationException: Error creating bean with name 'entityManagerFactory' defined in class path resource [org/springframework/boot/autoconfigure/orm/jpa/HibernateJpaConfiguration.class]: Invocation of init method failed; nested exception is org.hibernate.AnnotationException: No identifier specified for entity: it.sirfin.CatalogoProdottiGal.model.Prodotto
	at org.springframework.beans.factory.support.AbstractAutowireCapableBeanFactory.initializeBean(AbstractAutowireCapableBeanFactory.java:1788) ~[spring-beans-5.3.3.jar:5.3.3]
	at org.springframework.beans.factory.support.AbstractAutowireCapableBeanFactory.doCreateBean(AbstractAutowireCapableBeanFactory.java:609) ~[spring-beans-5.3.3.jar:5.3.3]
	at org.springframework.beans.factory.support.AbstractAutowireCapableBeanFactory.createBean(AbstractAutowireCapableBeanFactory.java:531) ~[spring-beans-5.3.3.jar:5.3.3]
	at org.springframework.beans.factory.support.AbstractBeanFactory.lambda$doGetBean$0(AbstractBeanFactory.java:335) ~[spring-beans-5.3.3.jar:5.3.3]
	at org.springframework.beans.factory.support.DefaultSingletonBeanRegistry.getSingleton(DefaultSingletonBeanRegistry.java:234) ~[spring-beans-5.3.3.jar:5.3.3]
	at org.springframework.beans.factory.support.AbstractBeanFactory.doGetBean(AbstractBeanFactory.java:333) ~[spring-beans-5.3.3.jar:5.3.3]
	at org.springframework.beans.factory.support.AbstractBeanFactory.getBean(AbstractBeanFactory.java:208) ~[spring-beans-5.3.3.jar:5.3.3]
	at org.springframework.context.support.AbstractApplicationContext.getBean(AbstractApplicationContext.java:1159) ~[spring-context-5.3.3.jar:5.3.3]
	at org.springframework.context.support.AbstractApplicationContext.finishBeanFactoryInitialization(AbstractApplicationContext.java:913) ~[spring-context-5.3.3.jar:5.3.3]
	at org.springframework.context.support.AbstractApplicationContext.refresh(AbstractApplicationContext.java:588) ~[spring-context-5.3.3.jar:5.3.3]
	at org.springframework.boot.web.servlet.context.ServletWebServerApplicationContext.refresh(ServletWebServerApplicationContext.java:144) ~[spring-boot-2.4.2.jar:2.4.2]
	at org.springframework.boot.SpringApplication.refresh(SpringApplication.java:767) ~[spring-boot-2.4.2.jar:2.4.2]
	at org.springframework.boot.SpringApplication.refresh(SpringApplication.java:759) ~[spring-boot-2.4.2.jar:2.4.2]
	at org.springframework.boot.SpringApplication.refreshContext(SpringApplication.java:426) ~[spring-boot-2.4.2.jar:2.4.2]
	at org.springframework.boot.SpringApplication.run(SpringApplication.java:326) ~[spring-boot-2.4.2.jar:2.4.2]
	at org.springframework.boot.SpringApplication.run(SpringApplication.java:1311) ~[spring-boot-2.4.2.jar:2.4.2]
	at org.springframework.boot.SpringApplication.run(SpringApplication.java:1300) ~[spring-boot-2.4.2.jar:2.4.2]
	at it.sirfin.CatalogoProdottiGal.CatalogoProdottiGalApplication.main(CatalogoProdottiGalApplication.java:19) ~[classes/:na]
Caused by: org.hibernate.AnnotationException: No identifier specified for entity: it.sirfin.CatalogoProdottiGal.model.Prodotto
	at org.hibernate.cfg.InheritanceState.determineDefaultAccessType(InheritanceState.java:266) ~[hibernate-core-5.4.27.Final.jar:5.4.27.Final]
	at org.hibernate.cfg.InheritanceState.getElementsToProcess(InheritanceState.java:211) ~[hibernate-core-5.4.27.Final.jar:5.4.27.Final]
	at org.hibernate.cfg.AnnotationBinder.bindClass(AnnotationBinder.java:781) ~[hibernate-core-5.4.27.Final.jar:5.4.27.Final]
	at org.hibernate.boot.model.source.internal.annotations.AnnotationMetadataSourceProcessorImpl.processEntityHierarchies(AnnotationMetadataSourceProcessorImpl.java:248) ~[hibernate-core-5.4.27.Final.jar:5.4.27.Final]
	at org.hibernate.boot.model.process.spi.MetadataBuildingProcess$1.processEntityHierarchies(MetadataBuildingProcess.java:239) ~[hibernate-core-5.4.27.Final.jar:5.4.27.Final]
	at org.hibernate.boot.model.process.spi.MetadataBuildingProcess.complete(MetadataBuildingProcess.java:282) ~[hibernate-core-5.4.27.Final.jar:5.4.27.Final]
	at org.hibernate.jpa.boot.internal.EntityManagerFactoryBuilderImpl.metadata(EntityManagerFactoryBuilderImpl.java:1224) ~[hibernate-core-5.4.27.Final.jar:5.4.27.Final]
	at org.hibernate.jpa.boot.internal.EntityManagerFactoryBuilderImpl.build(EntityManagerFactoryBuilderImpl.java:1255) ~[hibernate-core-5.4.27.Final.jar:5.4.27.Final]
	at org.springframework.orm.jpa.vendor.SpringHibernateJpaPersistenceProvider.createContainerEntityManagerFactory(SpringHibernateJpaPersistenceProvider.java:58) ~[spring-orm-5.3.3.jar:5.3.3]
	at org.springframework.orm.jpa.LocalContainerEntityManagerFactoryBean.createNativeEntityManagerFactory(LocalContainerEntityManagerFactoryBean.java:365) ~[spring-orm-5.3.3.jar:5.3.3]
	at org.springframework.orm.jpa.AbstractEntityManagerFactoryBean.buildNativeEntityManagerFactory(AbstractEntityManagerFactoryBean.java:409) ~[spring-orm-5.3.3.jar:5.3.3]
	at org.springframework.orm.jpa.AbstractEntityManagerFactoryBean.afterPropertiesSet(AbstractEntityManagerFactoryBean.java:396) ~[spring-orm-5.3.3.jar:5.3.3]
	at org.springframework.orm.jpa.LocalContainerEntityManagerFactoryBean.afterPropertiesSet(LocalContainerEntityManagerFactoryBean.java:341) ~[spring-orm-5.3.3.jar:5.3.3]
	at org.springframework.beans.factory.support.AbstractAutowireCapableBeanFactory.invokeInitMethods(AbstractAutowireCapableBeanFactory.java:1847) ~[spring-beans-5.3.3.jar:5.3.3]
	at org.springframework.beans.factory.support.AbstractAutowireCapableBeanFactory.initializeBean(AbstractAutowireCapableBeanFactory.java:1784) ~[spring-beans-5.3.3.jar:5.3.3]
	... 17 common frames omitted

2021-02-15 20:58:24.833 ERROR 7984 --- [main] j.LocalContainerEntityManagerFactoryBean : Failed to initialize JPA EntityManagerFactory: No identifier specified for entity: it.sirfin.CatalogoProdottiGal.model.Prodotto
2021-02-15 20:58:24.835  WARN 7984 --- [main] ConfigServletWebServerApplicationContext : Exception encountered during context initialization - cancelling refresh attempt: org.springframework.beans.factory.BeanCreationException: Error creating bean with name 'entityManagerFactory' defined in class path resource [org/springframework/boot/autoconfigure/orm/jpa/HibernateJpaConfiguration.class]: Invocation of init method failed; nested exception is org.hibernate.AnnotationException: No identifier specified for entity: it.sirfin.CatalogoProdottiGal.model.Prodotto
2021-02-15 20:58:24.863 ERROR 7984 --- [main] o.s.boot.SpringApplication               : Application run failed

org.springframework.beans.factory.BeanCreationException: Error creating bean with name 'entityManagerFactory' defined in class path resource [org/springframework/boot/autoconfigure/orm/jpa/HibernateJpaConfiguration.class]: Invocation of init method failed; nested exception is org.hibernate.AnnotationException: No identifier specified for entity: it.sirfin.CatalogoProdottiGal.model.Prodotto
	at org.springframework.beans.factory.support.AbstractAutowireCapableBeanFactory.initializeBean(AbstractAutowireCapableBeanFactory.java:1788) ~[spring-beans-5.3.3.jar:5.3.3]
	at org.springframework.beans.factory.support.AbstractAutowireCapableBeanFactory.doCreateBean(AbstractAutowireCapableBeanFactory.java:609) ~[spring-beans-5.3.3.jar:5.3.3]
	at org.springframework.beans.factory.support.AbstractAutowireCapableBeanFactory.createBean(AbstractAutowireCapableBeanFactory.java:531) ~[spring-beans-5.3.3.jar:5.3.3]
	at org.springframework.beans.factory.support.AbstractBeanFactory.lambda$doGetBean$0(AbstractBeanFactory.java:335) ~[spring-beans-5.3.3.jar:5.3.3]
	at org.springframework.beans.factory.support.DefaultSingletonBeanRegistry.getSingleton(DefaultSingletonBeanRegistry.java:234) ~[spring-beans-5.3.3.jar:5.3.3]
	at org.springframework.beans.factory.support.AbstractBeanFactory.doGetBean(AbstractBeanFactory.java:333) ~[spring-beans-5.3.3.jar:5.3.3]
	at org.springframework.beans.factory.support.AbstractBeanFactory.getBean(AbstractBeanFactory.java:208) ~[spring-beans-5.3.3.jar:5.3.3]
	at org.springframework.context.support.AbstractApplicationContext.getBean(AbstractApplicationContext.java:1159) ~[spring-context-5.3.3.jar:5.3.3]
	at org.springframework.context.support.AbstractApplicationContext.finishBeanFactoryInitialization(AbstractApplicationContext.java:913) ~[spring-context-5.3.3.jar:5.3.3]
	at org.springframework.context.support.AbstractApplicationContext.refresh(AbstractApplicationContext.java:588) ~[spring-context-5.3.3.jar:5.3.3]
	at org.springframework.boot.web.servlet.context.ServletWebServerApplicationContext.refresh(ServletWebServerApplicationContext.java:144) ~[spring-boot-2.4.2.jar:2.4.2]
	at org.springframework.boot.SpringApplication.refresh(SpringApplication.java:767) ~[spring-boot-2.4.2.jar:2.4.2]
	at org.springframework.boot.SpringApplication.refresh(SpringApplication.java:759) ~[spring-boot-2.4.2.jar:2.4.2]
	at org.springframework.boot.SpringApplication.refreshContext(SpringApplication.java:426) ~[spring-boot-2.4.2.jar:2.4.2]
	at org.springframework.boot.SpringApplication.run(SpringApplication.java:326) ~[spring-boot-2.4.2.jar:2.4.2]
	at org.springframework.boot.SpringApplication.run(SpringApplication.java:1311) ~[spring-boot-2.4.2.jar:2.4.2]
	at org.springframework.boot.SpringApplication.run(SpringApplication.java:1300) ~[spring-boot-2.4.2.jar:2.4.2]
	at it.sirfin.CatalogoProdottiGal.CatalogoProdottiGalApplication.main(CatalogoProdottiGalApplication.java:19) ~[classes/:na]
Caused by: org.hibernate.AnnotationException: No identifier specified for entity: it.sirfin.CatalogoProdottiGal.model.Prodotto
	at org.hibernate.cfg.InheritanceState.determineDefaultAccessType(InheritanceState.java:266) ~[hibernate-core-5.4.27.Final.jar:5.4.27.Final]
	at org.hibernate.cfg.InheritanceState.getElementsToProcess(InheritanceState.java:211) ~[hibernate-core-5.4.27.Final.jar:5.4.27.Final]
	at org.hibernate.cfg.AnnotationBinder.bindClass(AnnotationBinder.java:781) ~[hibernate-core-5.4.27.Final.jar:5.4.27.Final]
	at org.hibernate.boot.model.source.internal.annotations.AnnotationMetadataSourceProcessorImpl.processEntityHierarchies(AnnotationMetadataSourceProcessorImpl.java:248) ~[hibernate-core-5.4.27.Final.jar:5.4.27.Final]
	at org.hibernate.boot.model.process.spi.MetadataBuildingProcess$1.processEntityHierarchies(MetadataBuildingProcess.java:239) ~[hibernate-core-5.4.27.Final.jar:5.4.27.Final]
	at org.hibernate.boot.model.process.spi.MetadataBuildingProcess.complete(MetadataBuildingProcess.java:282) ~[hibernate-core-5.4.27.Final.jar:5.4.27.Final]
	at org.hibernate.jpa.boot.internal.EntityManagerFactoryBuilderImpl.metadata(EntityManagerFactoryBuilderImpl.java:1224) ~[hibernate-core-5.4.27.Final.jar:5.4.27.Final]
	at org.hibernate.jpa.boot.internal.EntityManagerFactoryBuilderImpl.build(EntityManagerFactoryBuilderImpl.java:1255) ~[hibernate-core-5.4.27.Final.jar:5.4.27.Final]
	at org.springframework.orm.jpa.vendor.SpringHibernateJpaPersistenceProvider.createContainerEntityManagerFactory(SpringHibernateJpaPersistenceProvider.java:58) ~[spring-orm-5.3.3.jar:5.3.3]
	at org.springframework.orm.jpa.LocalContainerEntityManagerFactoryBean.createNativeEntityManagerFactory(LocalContainerEntityManagerFactoryBean.java:365) ~[spring-orm-5.3.3.jar:5.3.3]
	at org.springframework.orm.jpa.AbstractEntityManagerFactoryBean.buildNativeEntityManagerFactory(AbstractEntityManagerFactoryBean.java:409) ~[spring-orm-5.3.3.jar:5.3.3]
	at org.springframework.orm.jpa.AbstractEntityManagerFactoryBean.afterPropertiesSet(AbstractEntityManagerFactoryBean.java:396) ~[spring-orm-5.3.3.jar:5.3.3]
	at org.springframework.orm.jpa.LocalContainerEntityManagerFactoryBean.afterPropertiesSet(LocalContainerEntityManagerFactoryBean.java:341) ~[spring-orm-5.3.3.jar:5.3.3]
	at org.springframework.beans.factory.support.AbstractAutowireCapableBeanFactory.invokeInitMethods(AbstractAutowireCapableBeanFactory.java:1847) ~[spring-beans-5.3.3.jar:5.3.3]
	at org.springframework.beans.factory.support.AbstractAutowireCapableBeanFactory.initializeBean(AbstractAutowireCapableBeanFactory.java:1784) ~[spring-beans-5.3.3.jar:5.3.3]
	... 17 common frames omitted

2021-02-15 21:06:26.196 DEBUG 8036 --- [main] org.hibernate.SQL                        : create table prodotto (id bigint not null, descrizione varchar(255), prezzo double precision, primary key (id)) engine=InnoDB
2021-02-15 21:06:26.747  WARN 8036 --- [main] JpaBaseConfiguration$JpaWebConfiguration : spring.jpa.open-in-view is enabled by default. Therefore, database queries may be performed during view rendering. Explicitly configure spring.jpa.open-in-view to disable this warning
2021-02-15 21:07:00.328 DEBUG 8036 --- [http-nio-8080-exec-1] org.hibernate.SQL                        : select prodotto0_.id as id1_0_, prodotto0_.descrizione as descrizi2_0_, prodotto0_.prezzo as prezzo3_0_ from prodotto prodotto0_
2021-02-15 21:07:09.398 ERROR 8036 --- [http-nio-8080-exec-3] o.a.c.c.C.[.[.[/].[dispatcherServlet]    : Servlet.service() for servlet [dispatcherServlet] in context with path [] threw exception [Request processing failed; nested exception is org.springframework.orm.jpa.JpaSystemException: ids for this class must be manually assigned before calling save(): it.sirfin.CatalogoProdottiGal.model.Prodotto; nested exception is org.hibernate.id.IdentifierGenerationException: ids for this class must be manually assigned before calling save(): it.sirfin.CatalogoProdottiGal.model.Prodotto] with root cause

org.hibernate.id.IdentifierGenerationException: ids for this class must be manually assigned before calling save(): it.sirfin.CatalogoProdottiGal.model.Prodotto
	at org.hibernate.id.Assigned.generate(Assigned.java:33) ~[hibernate-core-5.4.27.Final.jar:5.4.27.Final]
	at org.hibernate.event.internal.AbstractSaveEventListener.saveWithGeneratedId(AbstractSaveEventListener.java:115) ~[hibernate-core-5.4.27.Final.jar:5.4.27.Final]
	at org.hibernate.event.internal.DefaultPersistEventListener.entityIsTransient(DefaultPersistEventListener.java:185) ~[hibernate-core-5.4.27.Final.jar:5.4.27.Final]
	at org.hibernate.event.internal.DefaultPersistEventListener.onPersist(DefaultPersistEventListener.java:128) ~[hibernate-core-5.4.27.Final.jar:5.4.27.Final]
	at org.hibernate.event.internal.DefaultPersistEventListener.onPersist(DefaultPersistEventListener.java:55) ~[hibernate-core-5.4.27.Final.jar:5.4.27.Final]
	at org.hibernate.event.service.internal.EventListenerGroupImpl.fireEventOnEachListener(EventListenerGroupImpl.java:102) ~[hibernate-core-5.4.27.Final.jar:5.4.27.Final]
	at org.hibernate.internal.SessionImpl.firePersist(SessionImpl.java:720) ~[hibernate-core-5.4.27.Final.jar:5.4.27.Final]
	at org.hibernate.internal.SessionImpl.persist(SessionImpl.java:706) ~[hibernate-core-5.4.27.Final.jar:5.4.27.Final]
	at java.base/jdk.internal.reflect.NativeMethodAccessorImpl.invoke0(Native Method) ~[na:na]
	at java.base/jdk.internal.reflect.NativeMethodAccessorImpl.invoke(NativeMethodAccessorImpl.java:64) ~[na:na]
	at java.base/jdk.internal.reflect.DelegatingMethodAccessorImpl.invoke(DelegatingMethodAccessorImpl.java:43) ~[na:na]
	at java.base/java.lang.reflect.Method.invoke(Method.java:564) ~[na:na]
	at org.springframework.orm.jpa.ExtendedEntityManagerCreator$ExtendedEntityManagerInvocationHandler.invoke(ExtendedEntityManagerCreator.java:362) ~[spring-orm-5.3.3.jar:5.3.3]
	at com.sun.proxy.$Proxy73.persist(Unknown Source) ~[na:na]
	at java.base/jdk.internal.reflect.NativeMethodAccessorImpl.invoke0(Native Method) ~[na:na]
	at java.base/jdk.internal.reflect.NativeMethodAccessorImpl.invoke(NativeMethodAccessorImpl.java:64) ~[na:na]
	at java.base/jdk.internal.reflect.DelegatingMethodAccessorImpl.invoke(DelegatingMethodAccessorImpl.java:43) ~[na:na]
	at java.base/java.lang.reflect.Method.invoke(Method.java:564) ~[na:na]
	at org.springframework.orm.jpa.SharedEntityManagerCreator$SharedEntityManagerInvocationHandler.invoke(SharedEntityManagerCreator.java:311) ~[spring-orm-5.3.3.jar:5.3.3]
	at com.sun.proxy.$Proxy73.persist(Unknown Source) ~[na:na]
	at org.springframework.data.jpa.repository.support.SimpleJpaRepository.save(SimpleJpaRepository.java:557) ~[spring-data-jpa-2.4.3.jar:2.4.3]
	at java.base/jdk.internal.reflect.NativeMethodAccessorImpl.invoke0(Native Method) ~[na:na]
	at java.base/jdk.internal.reflect.NativeMethodAccessorImpl.invoke(NativeMethodAccessorImpl.java:64) ~[na:na]
	at java.base/jdk.internal.reflect.DelegatingMethodAccessorImpl.invoke(DelegatingMethodAccessorImpl.java:43) ~[na:na]
	at java.base/java.lang.reflect.Method.invoke(Method.java:564) ~[na:na]
	at org.springframework.data.repository.core.support.RepositoryMethodInvoker$RepositoryFragmentMethodInvoker.lambda$new$0(RepositoryMethodInvoker.java:289) ~[spring-data-commons-2.4.3.jar:2.4.3]
	at org.springframework.data.repository.core.support.RepositoryMethodInvoker.doInvoke(RepositoryMethodInvoker.java:137) ~[spring-data-commons-2.4.3.jar:2.4.3]
	at org.springframework.data.repository.core.support.RepositoryMethodInvoker.invoke(RepositoryMethodInvoker.java:121) ~[spring-data-commons-2.4.3.jar:2.4.3]
	at org.springframework.data.repository.core.support.RepositoryComposition$RepositoryFragments.invoke(RepositoryComposition.java:524) ~[spring-data-commons-2.4.3.jar:2.4.3]
	at org.springframework.data.repository.core.support.RepositoryComposition.invoke(RepositoryComposition.java:285) ~[spring-data-commons-2.4.3.jar:2.4.3]
	at org.springframework.data.repository.core.support.RepositoryFactorySupport$ImplementationMethodExecutionInterceptor.invoke(RepositoryFactorySupport.java:531) ~[spring-data-commons-2.4.3.jar:2.4.3]
	at org.springframework.aop.framework.ReflectiveMethodInvocation.proceed(ReflectiveMethodInvocation.java:186) ~[spring-aop-5.3.3.jar:5.3.3]
	at org.springframework.data.repository.core.support.QueryExecutorMethodInterceptor.doInvoke(QueryExecutorMethodInterceptor.java:156) ~[spring-data-commons-2.4.3.jar:2.4.3]
	at org.springframework.data.repository.core.support.QueryExecutorMethodInterceptor.invoke(QueryExecutorMethodInterceptor.java:131) ~[spring-data-commons-2.4.3.jar:2.4.3]
	at org.springframework.aop.framework.ReflectiveMethodInvocation.proceed(ReflectiveMethodInvocation.java:186) ~[spring-aop-5.3.3.jar:5.3.3]
	at org.springframework.data.projection.DefaultMethodInvokingMethodInterceptor.invoke(DefaultMethodInvokingMethodInterceptor.java:80) ~[spring-data-commons-2.4.3.jar:2.4.3]
	at org.springframework.aop.framework.ReflectiveMethodInvocation.proceed(ReflectiveMethodInvocation.java:186) ~[spring-aop-5.3.3.jar:5.3.3]
	at org.springframework.transaction.interceptor.TransactionInterceptor$1.proceedWithInvocation(TransactionInterceptor.java:123) ~[spring-tx-5.3.3.jar:5.3.3]
	at org.springframework.transaction.interceptor.TransactionAspectSupport.invokeWithinTransaction(TransactionAspectSupport.java:388) ~[spring-tx-5.3.3.jar:5.3.3]
	at org.springframework.transaction.interceptor.TransactionInterceptor.invoke(TransactionInterceptor.java:119) ~[spring-tx-5.3.3.jar:5.3.3]
	at org.springframework.aop.framework.ReflectiveMethodInvocation.proceed(ReflectiveMethodInvocation.java:186) ~[spring-aop-5.3.3.jar:5.3.3]
	at org.springframework.dao.support.PersistenceExceptionTranslationInterceptor.invoke(PersistenceExceptionTranslationInterceptor.java:137) ~[spring-tx-5.3.3.jar:5.3.3]
	at org.springframework.aop.framework.ReflectiveMethodInvocation.proceed(ReflectiveMethodInvocation.java:186) ~[spring-aop-5.3.3.jar:5.3.3]
	at org.springframework.data.jpa.repository.support.CrudMethodMetadataPostProcessor$CrudMethodMetadataPopulatingMethodInterceptor.invoke(CrudMethodMetadataPostProcessor.java:174) ~[spring-data-jpa-2.4.3.jar:2.4.3]
	at org.springframework.aop.framework.ReflectiveMethodInvocation.proceed(ReflectiveMethodInvocation.java:186) ~[spring-aop-5.3.3.jar:5.3.3]
	at org.springframework.aop.interceptor.ExposeInvocationInterceptor.invoke(ExposeInvocationInterceptor.java:97) ~[spring-aop-5.3.3.jar:5.3.3]
	at org.springframework.aop.framework.ReflectiveMethodInvocation.proceed(ReflectiveMethodInvocation.java:186) ~[spring-aop-5.3.3.jar:5.3.3]
	at org.springframework.aop.framework.JdkDynamicAopProxy.invoke(JdkDynamicAopProxy.java:215) ~[spring-aop-5.3.3.jar:5.3.3]
	at com.sun.proxy.$Proxy76.save(Unknown Source) ~[na:na]
	at it.sirfin.CatalogoProdottiGal.service.impl.CatalogoProdottiServiceImpl.inserisciProdotto(CatalogoProdottiServiceImpl.java:29) ~[classes/:na]
	at it.sirfin.CatalogoProdottiGal.controller.CatalogoProdottiContoller.inserisciProdotto(CatalogoProdottiContoller.java:38) ~[classes/:na]
	at java.base/jdk.internal.reflect.NativeMethodAccessorImpl.invoke0(Native Method) ~[na:na]
	at java.base/jdk.internal.reflect.NativeMethodAccessorImpl.invoke(NativeMethodAccessorImpl.java:64) ~[na:na]
	at java.base/jdk.internal.reflect.DelegatingMethodAccessorImpl.invoke(DelegatingMethodAccessorImpl.java:43) ~[na:na]
	at java.base/java.lang.reflect.Method.invoke(Method.java:564) ~[na:na]
	at org.springframework.web.method.support.InvocableHandlerMethod.doInvoke(InvocableHandlerMethod.java:197) ~[spring-web-5.3.3.jar:5.3.3]
	at org.springframework.web.method.support.InvocableHandlerMethod.invokeForRequest(InvocableHandlerMethod.java:141) ~[spring-web-5.3.3.jar:5.3.3]
	at org.springframework.web.servlet.mvc.method.annotation.ServletInvocableHandlerMethod.invokeAndHandle(ServletInvocableHandlerMethod.java:106) ~[spring-webmvc-5.3.3.jar:5.3.3]
	at org.springframework.web.servlet.mvc.method.annotation.RequestMappingHandlerAdapter.invokeHandlerMethod(RequestMappingHandlerAdapter.java:894) ~[spring-webmvc-5.3.3.jar:5.3.3]
	at org.springframework.web.servlet.mvc.method.annotation.RequestMappingHandlerAdapter.handleInternal(RequestMappingHandlerAdapter.java:808) ~[spring-webmvc-5.3.3.jar:5.3.3]
	at org.springframework.web.servlet.mvc.method.AbstractHandlerMethodAdapter.handle(AbstractHandlerMethodAdapter.java:87) ~[spring-webmvc-5.3.3.jar:5.3.3]
	at org.springframework.web.servlet.DispatcherServlet.doDispatch(DispatcherServlet.java:1060) ~[spring-webmvc-5.3.3.jar:5.3.3]
	at org.springframework.web.servlet.DispatcherServlet.doService(DispatcherServlet.java:962) ~[spring-webmvc-5.3.3.jar:5.3.3]
	at org.springframework.web.servlet.FrameworkServlet.processRequest(FrameworkServlet.java:1006) ~[spring-webmvc-5.3.3.jar:5.3.3]
	at org.springframework.web.servlet.FrameworkServlet.doPost(FrameworkServlet.java:909) ~[spring-webmvc-5.3.3.jar:5.3.3]
	at javax.servlet.http.HttpServlet.service(HttpServlet.java:652) ~[tomcat-embed-core-9.0.41.jar:4.0.FR]
	at org.springframework.web.servlet.FrameworkServlet.service(FrameworkServlet.java:883) ~[spring-webmvc-5.3.3.jar:5.3.3]
	at javax.servlet.http.HttpServlet.service(HttpServlet.java:733) ~[tomcat-embed-core-9.0.41.jar:4.0.FR]
	at org.apache.catalina.core.ApplicationFilterChain.internalDoFilter(ApplicationFilterChain.java:231) ~[tomcat-embed-core-9.0.41.jar:9.0.41]
	at org.apache.catalina.core.ApplicationFilterChain.doFilter(ApplicationFilterChain.java:166) ~[tomcat-embed-core-9.0.41.jar:9.0.41]
	at org.apache.tomcat.websocket.server.WsFilter.doFilter(WsFilter.java:53) ~[tomcat-embed-websocket-9.0.41.jar:9.0.41]
	at org.apache.catalina.core.ApplicationFilterChain.internalDoFilter(ApplicationFilterChain.java:193) ~[tomcat-embed-core-9.0.41.jar:9.0.41]
	at org.apache.catalina.core.ApplicationFilterChain.doFilter(ApplicationFilterChain.java:166) ~[tomcat-embed-core-9.0.41.jar:9.0.41]
	at org.springframework.web.filter.RequestContextFilter.doFilterInternal(RequestContextFilter.java:100) ~[spring-web-5.3.3.jar:5.3.3]
	at org.springframework.web.filter.OncePerRequestFilter.doFilter(OncePerRequestFilter.java:119) ~[spring-web-5.3.3.jar:5.3.3]
	at org.apache.catalina.core.ApplicationFilterChain.internalDoFilter(ApplicationFilterChain.java:193) ~[tomcat-embed-core-9.0.41.jar:9.0.41]
	at org.apache.catalina.core.ApplicationFilterChain.doFilter(ApplicationFilterChain.java:166) ~[tomcat-embed-core-9.0.41.jar:9.0.41]
	at org.springframework.web.filter.FormContentFilter.doFilterInternal(FormContentFilter.java:93) ~[spring-web-5.3.3.jar:5.3.3]
	at org.springframework.web.filter.OncePerRequestFilter.doFilter(OncePerRequestFilter.java:119) ~[spring-web-5.3.3.jar:5.3.3]
	at org.apache.catalina.core.ApplicationFilterChain.internalDoFilter(ApplicationFilterChain.java:193) ~[tomcat-embed-core-9.0.41.jar:9.0.41]
	at org.apache.catalina.core.ApplicationFilterChain.doFilter(ApplicationFilterChain.java:166) ~[tomcat-embed-core-9.0.41.jar:9.0.41]
	at org.springframework.web.filter.CharacterEncodingFilter.doFilterInternal(CharacterEncodingFilter.java:201) ~[spring-web-5.3.3.jar:5.3.3]
	at org.springframework.web.filter.OncePerRequestFilter.doFilter(OncePerRequestFilter.java:119) ~[spring-web-5.3.3.jar:5.3.3]
	at org.apache.catalina.core.ApplicationFilterChain.internalDoFilter(ApplicationFilterChain.java:193) ~[tomcat-embed-core-9.0.41.jar:9.0.41]
	at org.apache.catalina.core.ApplicationFilterChain.doFilter(ApplicationFilterChain.java:166) ~[tomcat-embed-core-9.0.41.jar:9.0.41]
	at org.apache.catalina.core.StandardWrapperValve.invoke(StandardWrapperValve.java:202) ~[tomcat-embed-core-9.0.41.jar:9.0.41]
	at org.apache.catalina.core.StandardContextValve.invoke(StandardContextValve.java:97) ~[tomcat-embed-core-9.0.41.jar:9.0.41]
	at org.apache.catalina.authenticator.AuthenticatorBase.invoke(AuthenticatorBase.java:542) ~[tomcat-embed-core-9.0.41.jar:9.0.41]
	at org.apache.catalina.core.StandardHostValve.invoke(StandardHostValve.java:143) ~[tomcat-embed-core-9.0.41.jar:9.0.41]
	at org.apache.catalina.valves.ErrorReportValve.invoke(ErrorReportValve.java:92) ~[tomcat-embed-core-9.0.41.jar:9.0.41]
	at org.apache.catalina.core.StandardEngineValve.invoke(StandardEngineValve.java:78) ~[tomcat-embed-core-9.0.41.jar:9.0.41]
	at org.apache.catalina.connector.CoyoteAdapter.service(CoyoteAdapter.java:343) ~[tomcat-embed-core-9.0.41.jar:9.0.41]
	at org.apache.coyote.http11.Http11Processor.service(Http11Processor.java:374) ~[tomcat-embed-core-9.0.41.jar:9.0.41]
	at org.apache.coyote.AbstractProcessorLight.process(AbstractProcessorLight.java:65) ~[tomcat-embed-core-9.0.41.jar:9.0.41]
	at org.apache.coyote.AbstractProtocol$ConnectionHandler.process(AbstractProtocol.java:888) ~[tomcat-embed-core-9.0.41.jar:9.0.41]
	at org.apache.tomcat.util.net.NioEndpoint$SocketProcessor.doRun(NioEndpoint.java:1597) ~[tomcat-embed-core-9.0.41.jar:9.0.41]
	at org.apache.tomcat.util.net.SocketProcessorBase.run(SocketProcessorBase.java:49) ~[tomcat-embed-core-9.0.41.jar:9.0.41]
	at java.base/java.util.concurrent.ThreadPoolExecutor.runWorker(ThreadPoolExecutor.java:1130) ~[na:na]
	at java.base/java.util.concurrent.ThreadPoolExecutor$Worker.run(ThreadPoolExecutor.java:630) ~[na:na]
	at org.apache.tomcat.util.threads.TaskThread$WrappingRunnable.run(TaskThread.java:61) ~[tomcat-embed-core-9.0.41.jar:9.0.41]
	at java.base/java.lang.Thread.run(Thread.java:832) ~[na:na]

2021-02-15 21:07:22.637 DEBUG 8036 --- [http-nio-8080-exec-4] org.hibernate.SQL                        : select prodotto0_.id as id1_0_, prodotto0_.descrizione as descrizi2_0_, prodotto0_.prezzo as prezzo3_0_ from prodotto prodotto0_
2021-02-15 21:07:24.215 DEBUG 8036 --- [http-nio-8080-exec-5] org.hibernate.SQL                        : select prodotto0_.id as id1_0_, prodotto0_.descrizione as descrizi2_0_, prodotto0_.prezzo as prezzo3_0_ from prodotto prodotto0_
2021-02-15 21:08:57.758 DEBUG 10676 --- [main] org.hibernate.SQL                        : create table hibernate_sequence (next_val bigint) engine=InnoDB
2021-02-15 21:08:58.068 DEBUG 10676 --- [main] org.hibernate.SQL                        : insert into hibernate_sequence values ( 1 )
2021-02-15 21:08:58.409  WARN 10676 --- [main] JpaBaseConfiguration$JpaWebConfiguration : spring.jpa.open-in-view is enabled by default. Therefore, database queries may be performed during view rendering. Explicitly configure spring.jpa.open-in-view to disable this warning
2021-02-15 21:09:10.738 DEBUG 10676 --- [http-nio-8080-exec-1] org.hibernate.SQL                        : select prodotto0_.id as id1_0_, prodotto0_.descrizione as descrizi2_0_, prodotto0_.prezzo as prezzo3_0_ from prodotto prodotto0_
2021-02-15 21:09:19.805 DEBUG 10676 --- [http-nio-8080-exec-2] org.hibernate.SQL                        : select next_val as id_val from hibernate_sequence for update
2021-02-15 21:09:19.806 DEBUG 10676 --- [http-nio-8080-exec-2] org.hibernate.SQL                        : update hibernate_sequence set next_val= ? where next_val=?
2021-02-15 21:09:19.935 DEBUG 10676 --- [http-nio-8080-exec-2] org.hibernate.SQL                        : insert into prodotto (descrizione, prezzo, id) values (?, ?, ?)
2021-02-15 21:09:19.936 TRACE 10676 --- [http-nio-8080-exec-2] o.h.type.descriptor.sql.BasicBinder      : binding parameter [1] as [VARCHAR] - [Pizza]
2021-02-15 21:09:19.937 TRACE 10676 --- [http-nio-8080-exec-2] o.h.type.descriptor.sql.BasicBinder      : binding parameter [2] as [DOUBLE] - [20.0]
2021-02-15 21:09:19.938 TRACE 10676 --- [http-nio-8080-exec-2] o.h.type.descriptor.sql.BasicBinder      : binding parameter [3] as [BIGINT] - [1]
2021-02-15 21:09:20.008 DEBUG 10676 --- [http-nio-8080-exec-2] org.hibernate.SQL                        : select prodotto0_.id as id1_0_, prodotto0_.descrizione as descrizi2_0_, prodotto0_.prezzo as prezzo3_0_ from prodotto prodotto0_
2021-02-15 21:09:27.765 DEBUG 10676 --- [http-nio-8080-exec-3] org.hibernate.SQL                        : select prodotto0_.id as id1_0_, prodotto0_.descrizione as descrizi2_0_, prodotto0_.prezzo as prezzo3_0_ from prodotto prodotto0_
2021-02-15 21:09:36.111 DEBUG 10676 --- [http-nio-8080-exec-4] org.hibernate.SQL                        : select prodotto0_.id as id1_0_, prodotto0_.descrizione as descrizi2_0_, prodotto0_.prezzo as prezzo3_0_ from prodotto prodotto0_
2021-02-15 21:10:12.224 DEBUG 10676 --- [http-nio-8080-exec-5] org.hibernate.SQL                        : select next_val as id_val from hibernate_sequence for update
2021-02-15 21:10:12.225 DEBUG 10676 --- [http-nio-8080-exec-5] org.hibernate.SQL                        : update hibernate_sequence set next_val= ? where next_val=?
2021-02-15 21:10:12.551 DEBUG 10676 --- [http-nio-8080-exec-5] org.hibernate.SQL                        : insert into prodotto (descrizione, prezzo, id) values (?, ?, ?)
2021-02-15 21:10:12.554 TRACE 10676 --- [http-nio-8080-exec-5] o.h.type.descriptor.sql.BasicBinder      : binding parameter [1] as [VARCHAR] - [PowerBank]
2021-02-15 21:10:12.555 TRACE 10676 --- [http-nio-8080-exec-5] o.h.type.descriptor.sql.BasicBinder      : binding parameter [2] as [DOUBLE] - [25.45]
2021-02-15 21:10:12.555 TRACE 10676 --- [http-nio-8080-exec-5] o.h.type.descriptor.sql.BasicBinder      : binding parameter [3] as [BIGINT] - [2]
2021-02-15 21:10:12.649 DEBUG 10676 --- [http-nio-8080-exec-5] org.hibernate.SQL                        : select prodotto0_.id as id1_0_, prodotto0_.descrizione as descrizi2_0_, prodotto0_.prezzo as prezzo3_0_ from prodotto prodotto0_
2021-02-15 21:13:25.133 DEBUG 10676 --- [http-nio-8080-exec-7] org.hibernate.SQL                        : select prodotto0_.id as id1_0_, prodotto0_.descrizione as descrizi2_0_, prodotto0_.prezzo as prezzo3_0_ from prodotto prodotto0_
2021-02-15 21:13:28.358 DEBUG 10676 --- [http-nio-8080-exec-8] org.hibernate.SQL                        : select prodotto0_.id as id1_0_, prodotto0_.descrizione as descrizi2_0_, prodotto0_.prezzo as prezzo3_0_ from prodotto prodotto0_
2021-02-15 21:13:40.344 DEBUG 10676 --- [http-nio-8080-exec-9] org.hibernate.SQL                        : select next_val as id_val from hibernate_sequence for update
2021-02-15 21:13:40.345 DEBUG 10676 --- [http-nio-8080-exec-9] org.hibernate.SQL                        : update hibernate_sequence set next_val= ? where next_val=?
2021-02-15 21:13:40.792 DEBUG 10676 --- [http-nio-8080-exec-9] org.hibernate.SQL                        : insert into prodotto (descrizione, prezzo, id) values (?, ?, ?)
2021-02-15 21:13:40.792 TRACE 10676 --- [http-nio-8080-exec-9] o.h.type.descriptor.sql.BasicBinder      : binding parameter [1] as [VARCHAR] - [cbdu]
2021-02-15 21:13:40.793 TRACE 10676 --- [http-nio-8080-exec-9] o.h.type.descriptor.sql.BasicBinder      : binding parameter [2] as [DOUBLE] - [123.32]
2021-02-15 21:13:40.793 TRACE 10676 --- [http-nio-8080-exec-9] o.h.type.descriptor.sql.BasicBinder      : binding parameter [3] as [BIGINT] - [3]
2021-02-15 21:13:40.840 DEBUG 10676 --- [http-nio-8080-exec-9] org.hibernate.SQL                        : select prodotto0_.id as id1_0_, prodotto0_.descrizione as descrizi2_0_, prodotto0_.prezzo as prezzo3_0_ from prodotto prodotto0_
2021-02-15 21:13:47.399 DEBUG 10676 --- [http-nio-8080-exec-10] org.hibernate.SQL                        : delete from prodotto
2021-02-15 21:14:25.040 DEBUG 10676 --- [http-nio-8080-exec-1] org.hibernate.SQL                        : select prodotto0_.id as id1_0_, prodotto0_.descrizione as descrizi2_0_, prodotto0_.prezzo as prezzo3_0_ from prodotto prodotto0_
2021-02-15 21:14:54.105 DEBUG 10676 --- [http-nio-8080-exec-2] org.hibernate.SQL                        : select prodotto0_.id as id1_0_, prodotto0_.descrizione as descrizi2_0_, prodotto0_.prezzo as prezzo3_0_ from prodotto prodotto0_
2021-02-15 21:15:12.354 DEBUG 10676 --- [http-nio-8080-exec-3] org.hibernate.SQL                        : select prodotto0_.id as id1_0_, prodotto0_.descrizione as descrizi2_0_, prodotto0_.prezzo as prezzo3_0_ from prodotto prodotto0_
2021-02-15 21:15:29.007 DEBUG 10676 --- [http-nio-8080-exec-4] org.hibernate.SQL                        : select prodotto0_.id as id1_0_, prodotto0_.descrizione as descrizi2_0_, prodotto0_.prezzo as prezzo3_0_ from prodotto prodotto0_
2021-02-15 21:15:30.543 DEBUG 10676 --- [http-nio-8080-exec-5] org.hibernate.SQL                        : select prodotto0_.id as id1_0_, prodotto0_.descrizione as descrizi2_0_, prodotto0_.prezzo as prezzo3_0_ from prodotto prodotto0_
2021-02-15 21:15:32.070 DEBUG 10676 --- [http-nio-8080-exec-6] org.hibernate.SQL                        : select prodotto0_.id as id1_0_, prodotto0_.descrizione as descrizi2_0_, prodotto0_.prezzo as prezzo3_0_ from prodotto prodotto0_
2021-02-15 21:15:34.271 DEBUG 10676 --- [http-nio-8080-exec-7] org.hibernate.SQL                        : delete from prodotto
2021-02-15 21:15:34.846 DEBUG 10676 --- [http-nio-8080-exec-8] org.hibernate.SQL                        : select prodotto0_.id as id1_0_, prodotto0_.descrizione as descrizi2_0_, prodotto0_.prezzo as prezzo3_0_ from prodotto prodotto0_
2021-02-15 21:17:16.283 DEBUG 10676 --- [http-nio-8080-exec-10] org.hibernate.SQL                        : select prodotto0_.id as id1_0_, prodotto0_.descrizione as descrizi2_0_, prodotto0_.prezzo as prezzo3_0_ from prodotto prodotto0_
2021-02-15 21:17:41.361 DEBUG 10676 --- [http-nio-8080-exec-1] org.hibernate.SQL                        : select next_val as id_val from hibernate_sequence for update
2021-02-15 21:17:41.361 DEBUG 10676 --- [http-nio-8080-exec-1] org.hibernate.SQL                        : update hibernate_sequence set next_val= ? where next_val=?
2021-02-15 21:17:41.676 DEBUG 10676 --- [http-nio-8080-exec-1] org.hibernate.SQL                        : insert into prodotto (descrizione, prezzo, id) values (?, ?, ?)
2021-02-15 21:17:41.679 TRACE 10676 --- [http-nio-8080-exec-1] o.h.type.descriptor.sql.BasicBinder      : binding parameter [1] as [VARCHAR] - [pizza]
2021-02-15 21:17:41.680 TRACE 10676 --- [http-nio-8080-exec-1] o.h.type.descriptor.sql.BasicBinder      : binding parameter [2] as [DOUBLE] - [5.45]
2021-02-15 21:17:41.680 TRACE 10676 --- [http-nio-8080-exec-1] o.h.type.descriptor.sql.BasicBinder      : binding parameter [3] as [BIGINT] - [4]
2021-02-15 21:17:41.718 DEBUG 10676 --- [http-nio-8080-exec-1] org.hibernate.SQL                        : select prodotto0_.id as id1_0_, prodotto0_.descrizione as descrizi2_0_, prodotto0_.prezzo as prezzo3_0_ from prodotto prodotto0_
2021-02-15 21:17:52.876 DEBUG 10676 --- [http-nio-8080-exec-2] org.hibernate.SQL                        : select prodotto0_.id as id1_0_, prodotto0_.descrizione as descrizi2_0_, prodotto0_.prezzo as prezzo3_0_ from prodotto prodotto0_
2021-02-15 21:17:55.935 DEBUG 10676 --- [http-nio-8080-exec-3] org.hibernate.SQL                        : select prodotto0_.id as id1_0_, prodotto0_.descrizione as descrizi2_0_, prodotto0_.prezzo as prezzo3_0_ from prodotto prodotto0_
2021-02-15 21:23:31.387 DEBUG 10676 --- [http-nio-8080-exec-8] org.hibernate.SQL                        : select prodotto0_.id as id1_0_, prodotto0_.descrizione as descrizi2_0_, prodotto0_.prezzo as prezzo3_0_ from prodotto prodotto0_
2021-02-15 21:23:39.098 DEBUG 10676 --- [http-nio-8080-exec-9] org.hibernate.SQL                        : select prodotto0_.id as id1_0_, prodotto0_.descrizione as descrizi2_0_, prodotto0_.prezzo as prezzo3_0_ from prodotto prodotto0_
2021-02-15 21:23:43.771 DEBUG 10676 --- [http-nio-8080-exec-10] org.hibernate.SQL                        : select prodotto0_.id as id1_0_, prodotto0_.descrizione as descrizi2_0_, prodotto0_.prezzo as prezzo3_0_ from prodotto prodotto0_
2021-02-15 21:24:02.438 DEBUG 10676 --- [http-nio-8080-exec-1] org.hibernate.SQL                        : select prodotto0_.id as id1_0_, prodotto0_.descrizione as descrizi2_0_, prodotto0_.prezzo as prezzo3_0_ from prodotto prodotto0_
2021-02-15 21:24:06.000 DEBUG 10676 --- [http-nio-8080-exec-2] org.hibernate.SQL                        : select prodotto0_.id as id1_0_, prodotto0_.descrizione as descrizi2_0_, prodotto0_.prezzo as prezzo3_0_ from prodotto prodotto0_
2021-02-15 21:24:19.251 DEBUG 10676 --- [http-nio-8080-exec-3] org.hibernate.SQL                        : select next_val as id_val from hibernate_sequence for update
2021-02-15 21:24:19.252 DEBUG 10676 --- [http-nio-8080-exec-3] org.hibernate.SQL                        : update hibernate_sequence set next_val= ? where next_val=?
2021-02-15 21:24:19.764 DEBUG 10676 --- [http-nio-8080-exec-3] org.hibernate.SQL                        : insert into prodotto (descrizione, prezzo, id) values (?, ?, ?)
2021-02-15 21:24:19.764 TRACE 10676 --- [http-nio-8080-exec-3] o.h.type.descriptor.sql.BasicBinder      : binding parameter [1] as [VARCHAR] - [Pizza]
2021-02-15 21:24:19.764 TRACE 10676 --- [http-nio-8080-exec-3] o.h.type.descriptor.sql.BasicBinder      : binding parameter [2] as [DOUBLE] - [153.0]
2021-02-15 21:24:19.765 TRACE 10676 --- [http-nio-8080-exec-3] o.h.type.descriptor.sql.BasicBinder      : binding parameter [3] as [BIGINT] - [5]
2021-02-15 21:24:19.852 DEBUG 10676 --- [http-nio-8080-exec-3] org.hibernate.SQL                        : select prodotto0_.id as id1_0_, prodotto0_.descrizione as descrizi2_0_, prodotto0_.prezzo as prezzo3_0_ from prodotto prodotto0_
2021-02-15 21:24:34.828 DEBUG 10676 --- [http-nio-8080-exec-4] org.hibernate.SQL                        : select prodotto0_.id as id1_0_, prodotto0_.descrizione as descrizi2_0_, prodotto0_.prezzo as prezzo3_0_ from prodotto prodotto0_
2021-02-15 21:24:40.297 DEBUG 10676 --- [http-nio-8080-exec-5] org.hibernate.SQL                        : select prodotto0_.id as id1_0_, prodotto0_.descrizione as descrizi2_0_, prodotto0_.prezzo as prezzo3_0_ from prodotto prodotto0_
2021-02-15 21:25:26.949 DEBUG 10676 --- [http-nio-8080-exec-7] org.hibernate.SQL                        : select prodotto0_.id as id1_0_, prodotto0_.descrizione as descrizi2_0_, prodotto0_.prezzo as prezzo3_0_ from prodotto prodotto0_
2021-02-15 21:26:03.565 DEBUG 10676 --- [http-nio-8080-exec-9] org.hibernate.SQL                        : select prodotto0_.id as id1_0_, prodotto0_.descrizione as descrizi2_0_, prodotto0_.prezzo as prezzo3_0_ from prodotto prodotto0_
2021-02-15 21:26:06.407 DEBUG 10676 --- [http-nio-8080-exec-10] org.hibernate.SQL                        : select prodotto0_.id as id1_0_, prodotto0_.descrizione as descrizi2_0_, prodotto0_.prezzo as prezzo3_0_ from prodotto prodotto0_
2021-02-15 21:26:13.067 DEBUG 10676 --- [http-nio-8080-exec-1] org.hibernate.SQL                        : select prodotto0_.id as id1_0_, prodotto0_.descrizione as descrizi2_0_, prodotto0_.prezzo as prezzo3_0_ from prodotto prodotto0_
2021-02-15 21:26:13.608 DEBUG 10676 --- [http-nio-8080-exec-2] org.hibernate.SQL                        : select prodotto0_.id as id1_0_, prodotto0_.descrizione as descrizi2_0_, prodotto0_.prezzo as prezzo3_0_ from prodotto prodotto0_
2021-02-15 21:26:30.990 DEBUG 10676 --- [http-nio-8080-exec-3] org.hibernate.SQL                        : select prodotto0_.id as id1_0_, prodotto0_.descrizione as descrizi2_0_, prodotto0_.prezzo as prezzo3_0_ from prodotto prodotto0_
2021-02-15 21:27:09.539 DEBUG 10676 --- [http-nio-8080-exec-4] org.hibernate.SQL                        : select prodotto0_.id as id1_0_, prodotto0_.descrizione as descrizi2_0_, prodotto0_.prezzo as prezzo3_0_ from prodotto prodotto0_
2021-02-15 21:41:58.003  WARN 7240 --- [main] JpaBaseConfiguration$JpaWebConfiguration : spring.jpa.open-in-view is enabled by default. Therefore, database queries may be performed during view rendering. Explicitly configure spring.jpa.open-in-view to disable this warning
2021-02-15 21:42:51.942 DEBUG 7240 --- [http-nio-8080-exec-2] org.hibernate.SQL                        : select prodotto0_.id as id1_0_, prodotto0_.descrizione as descrizi2_0_, prodotto0_.prezzo as prezzo3_0_ from prodotto prodotto0_
2021-02-15 21:42:57.621 DEBUG 7240 --- [http-nio-8080-exec-3] org.hibernate.SQL                        : select next_val as id_val from hibernate_sequence for update
2021-02-15 21:42:57.622 DEBUG 7240 --- [http-nio-8080-exec-3] org.hibernate.SQL                        : update hibernate_sequence set next_val= ? where next_val=?
2021-02-15 21:42:58.041 DEBUG 7240 --- [http-nio-8080-exec-3] org.hibernate.SQL                        : insert into prodotto (descrizione, prezzo, id) values (?, ?, ?)
2021-02-15 21:42:58.043 TRACE 7240 --- [http-nio-8080-exec-3] o.h.type.descriptor.sql.BasicBinder      : binding parameter [1] as [VARCHAR] - [gaergaer]
2021-02-15 21:42:58.044 TRACE 7240 --- [http-nio-8080-exec-3] o.h.type.descriptor.sql.BasicBinder      : binding parameter [2] as [DOUBLE] - [1420.5]
2021-02-15 21:42:58.045 TRACE 7240 --- [http-nio-8080-exec-3] o.h.type.descriptor.sql.BasicBinder      : binding parameter [3] as [BIGINT] - [6]
2021-02-15 21:42:58.087 DEBUG 7240 --- [http-nio-8080-exec-3] org.hibernate.SQL                        : select prodotto0_.id as id1_0_, prodotto0_.descrizione as descrizi2_0_, prodotto0_.prezzo as prezzo3_0_ from prodotto prodotto0_
2021-02-15 21:43:01.950 DEBUG 7240 --- [http-nio-8080-exec-4] org.hibernate.SQL                        : select prodotto0_.id as id1_0_, prodotto0_.descrizione as descrizi2_0_, prodotto0_.prezzo as prezzo3_0_ from prodotto prodotto0_
2021-02-15 21:43:11.490 DEBUG 7240 --- [http-nio-8080-exec-6] org.hibernate.SQL                        : select prodotto0_.id as id1_0_, prodotto0_.descrizione as descrizi2_0_, prodotto0_.prezzo as prezzo3_0_ from prodotto prodotto0_
2021-02-15 21:44:13.448 ERROR 7240 --- [http-nio-8080-exec-10] o.a.c.c.C.[.[.[/].[dispatcherServlet]    : Servlet.service() for servlet [dispatcherServlet] in context with path [] threw exception [Request processing failed; nested exception is org.springframework.dao.InvalidDataAccessApiUsageException: Entity must not be null.; nested exception is java.lang.IllegalArgumentException: Entity must not be null.] with root cause

java.lang.IllegalArgumentException: Entity must not be null.
	at org.springframework.util.Assert.notNull(Assert.java:201) ~[spring-core-5.3.3.jar:5.3.3]
	at org.springframework.data.jpa.repository.support.SimpleJpaRepository.save(SimpleJpaRepository.java:554) ~[spring-data-jpa-2.4.3.jar:2.4.3]
	at java.base/jdk.internal.reflect.NativeMethodAccessorImpl.invoke0(Native Method) ~[na:na]
	at java.base/jdk.internal.reflect.NativeMethodAccessorImpl.invoke(NativeMethodAccessorImpl.java:64) ~[na:na]
	at java.base/jdk.internal.reflect.DelegatingMethodAccessorImpl.invoke(DelegatingMethodAccessorImpl.java:43) ~[na:na]
	at java.base/java.lang.reflect.Method.invoke(Method.java:564) ~[na:na]
	at org.springframework.data.repository.core.support.RepositoryMethodInvoker$RepositoryFragmentMethodInvoker.lambda$new$0(RepositoryMethodInvoker.java:289) ~[spring-data-commons-2.4.3.jar:2.4.3]
	at org.springframework.data.repository.core.support.RepositoryMethodInvoker.doInvoke(RepositoryMethodInvoker.java:137) ~[spring-data-commons-2.4.3.jar:2.4.3]
	at org.springframework.data.repository.core.support.RepositoryMethodInvoker.invoke(RepositoryMethodInvoker.java:121) ~[spring-data-commons-2.4.3.jar:2.4.3]
	at org.springframework.data.repository.core.support.RepositoryComposition$RepositoryFragments.invoke(RepositoryComposition.java:524) ~[spring-data-commons-2.4.3.jar:2.4.3]
	at org.springframework.data.repository.core.support.RepositoryComposition.invoke(RepositoryComposition.java:285) ~[spring-data-commons-2.4.3.jar:2.4.3]
	at org.springframework.data.repository.core.support.RepositoryFactorySupport$ImplementationMethodExecutionInterceptor.invoke(RepositoryFactorySupport.java:531) ~[spring-data-commons-2.4.3.jar:2.4.3]
	at org.springframework.aop.framework.ReflectiveMethodInvocation.proceed(ReflectiveMethodInvocation.java:186) ~[spring-aop-5.3.3.jar:5.3.3]
	at org.springframework.data.repository.core.support.QueryExecutorMethodInterceptor.doInvoke(QueryExecutorMethodInterceptor.java:156) ~[spring-data-commons-2.4.3.jar:2.4.3]
	at org.springframework.data.repository.core.support.QueryExecutorMethodInterceptor.invoke(QueryExecutorMethodInterceptor.java:131) ~[spring-data-commons-2.4.3.jar:2.4.3]
	at org.springframework.aop.framework.ReflectiveMethodInvocation.proceed(ReflectiveMethodInvocation.java:186) ~[spring-aop-5.3.3.jar:5.3.3]
	at org.springframework.data.projection.DefaultMethodInvokingMethodInterceptor.invoke(DefaultMethodInvokingMethodInterceptor.java:80) ~[spring-data-commons-2.4.3.jar:2.4.3]
	at org.springframework.aop.framework.ReflectiveMethodInvocation.proceed(ReflectiveMethodInvocation.java:186) ~[spring-aop-5.3.3.jar:5.3.3]
	at org.springframework.transaction.interceptor.TransactionInterceptor$1.proceedWithInvocation(TransactionInterceptor.java:123) ~[spring-tx-5.3.3.jar:5.3.3]
	at org.springframework.transaction.interceptor.TransactionAspectSupport.invokeWithinTransaction(TransactionAspectSupport.java:388) ~[spring-tx-5.3.3.jar:5.3.3]
	at org.springframework.transaction.interceptor.TransactionInterceptor.invoke(TransactionInterceptor.java:119) ~[spring-tx-5.3.3.jar:5.3.3]
	at org.springframework.aop.framework.ReflectiveMethodInvocation.proceed(ReflectiveMethodInvocation.java:186) ~[spring-aop-5.3.3.jar:5.3.3]
	at org.springframework.dao.support.PersistenceExceptionTranslationInterceptor.invoke(PersistenceExceptionTranslationInterceptor.java:137) ~[spring-tx-5.3.3.jar:5.3.3]
	at org.springframework.aop.framework.ReflectiveMethodInvocation.proceed(ReflectiveMethodInvocation.java:186) ~[spring-aop-5.3.3.jar:5.3.3]
	at org.springframework.data.jpa.repository.support.CrudMethodMetadataPostProcessor$CrudMethodMetadataPopulatingMethodInterceptor.invoke(CrudMethodMetadataPostProcessor.java:174) ~[spring-data-jpa-2.4.3.jar:2.4.3]
	at org.springframework.aop.framework.ReflectiveMethodInvocation.proceed(ReflectiveMethodInvocation.java:186) ~[spring-aop-5.3.3.jar:5.3.3]
	at org.springframework.aop.interceptor.ExposeInvocationInterceptor.invoke(ExposeInvocationInterceptor.java:97) ~[spring-aop-5.3.3.jar:5.3.3]
	at org.springframework.aop.framework.ReflectiveMethodInvocation.proceed(ReflectiveMethodInvocation.java:186) ~[spring-aop-5.3.3.jar:5.3.3]
	at org.springframework.aop.framework.JdkDynamicAopProxy.invoke(JdkDynamicAopProxy.java:215) ~[spring-aop-5.3.3.jar:5.3.3]
	at com.sun.proxy.$Proxy77.save(Unknown Source) ~[na:na]
	at it.sirfin.CatalogoProdottiGal.service.impl.CatalogoProdottiServiceImpl.inserisciProdotto(CatalogoProdottiServiceImpl.java:29) ~[classes/:na]
	at it.sirfin.CatalogoProdottiGal.controller.CatalogoProdottiContoller.inserisciProdotto(CatalogoProdottiContoller.java:38) ~[classes/:na]
	at java.base/jdk.internal.reflect.NativeMethodAccessorImpl.invoke0(Native Method) ~[na:na]
	at java.base/jdk.internal.reflect.NativeMethodAccessorImpl.invoke(NativeMethodAccessorImpl.java:64) ~[na:na]
	at java.base/jdk.internal.reflect.DelegatingMethodAccessorImpl.invoke(DelegatingMethodAccessorImpl.java:43) ~[na:na]
	at java.base/java.lang.reflect.Method.invoke(Method.java:564) ~[na:na]
	at org.springframework.web.method.support.InvocableHandlerMethod.doInvoke(InvocableHandlerMethod.java:197) ~[spring-web-5.3.3.jar:5.3.3]
	at org.springframework.web.method.support.InvocableHandlerMethod.invokeForRequest(InvocableHandlerMethod.java:141) ~[spring-web-5.3.3.jar:5.3.3]
	at org.springframework.web.servlet.mvc.method.annotation.ServletInvocableHandlerMethod.invokeAndHandle(ServletInvocableHandlerMethod.java:106) ~[spring-webmvc-5.3.3.jar:5.3.3]
	at org.springframework.web.servlet.mvc.method.annotation.RequestMappingHandlerAdapter.invokeHandlerMethod(RequestMappingHandlerAdapter.java:894) ~[spring-webmvc-5.3.3.jar:5.3.3]
	at org.springframework.web.servlet.mvc.method.annotation.RequestMappingHandlerAdapter.handleInternal(RequestMappingHandlerAdapter.java:808) ~[spring-webmvc-5.3.3.jar:5.3.3]
	at org.springframework.web.servlet.mvc.method.AbstractHandlerMethodAdapter.handle(AbstractHandlerMethodAdapter.java:87) ~[spring-webmvc-5.3.3.jar:5.3.3]
	at org.springframework.web.servlet.DispatcherServlet.doDispatch(DispatcherServlet.java:1060) ~[spring-webmvc-5.3.3.jar:5.3.3]
	at org.springframework.web.servlet.DispatcherServlet.doService(DispatcherServlet.java:962) ~[spring-webmvc-5.3.3.jar:5.3.3]
	at org.springframework.web.servlet.FrameworkServlet.processRequest(FrameworkServlet.java:1006) ~[spring-webmvc-5.3.3.jar:5.3.3]
	at org.springframework.web.servlet.FrameworkServlet.doPost(FrameworkServlet.java:909) ~[spring-webmvc-5.3.3.jar:5.3.3]
	at javax.servlet.http.HttpServlet.service(HttpServlet.java:652) ~[tomcat-embed-core-9.0.41.jar:4.0.FR]
	at org.springframework.web.servlet.FrameworkServlet.service(FrameworkServlet.java:883) ~[spring-webmvc-5.3.3.jar:5.3.3]
	at javax.servlet.http.HttpServlet.service(HttpServlet.java:733) ~[tomcat-embed-core-9.0.41.jar:4.0.FR]
	at org.apache.catalina.core.ApplicationFilterChain.internalDoFilter(ApplicationFilterChain.java:231) ~[tomcat-embed-core-9.0.41.jar:9.0.41]
	at org.apache.catalina.core.ApplicationFilterChain.doFilter(ApplicationFilterChain.java:166) ~[tomcat-embed-core-9.0.41.jar:9.0.41]
	at org.apache.tomcat.websocket.server.WsFilter.doFilter(WsFilter.java:53) ~[tomcat-embed-websocket-9.0.41.jar:9.0.41]
	at org.apache.catalina.core.ApplicationFilterChain.internalDoFilter(ApplicationFilterChain.java:193) ~[tomcat-embed-core-9.0.41.jar:9.0.41]
	at org.apache.catalina.core.ApplicationFilterChain.doFilter(ApplicationFilterChain.java:166) ~[tomcat-embed-core-9.0.41.jar:9.0.41]
	at org.springframework.web.filter.RequestContextFilter.doFilterInternal(RequestContextFilter.java:100) ~[spring-web-5.3.3.jar:5.3.3]
	at org.springframework.web.filter.OncePerRequestFilter.doFilter(OncePerRequestFilter.java:119) ~[spring-web-5.3.3.jar:5.3.3]
	at org.apache.catalina.core.ApplicationFilterChain.internalDoFilter(ApplicationFilterChain.java:193) ~[tomcat-embed-core-9.0.41.jar:9.0.41]
	at org.apache.catalina.core.ApplicationFilterChain.doFilter(ApplicationFilterChain.java:166) ~[tomcat-embed-core-9.0.41.jar:9.0.41]
	at org.springframework.web.filter.FormContentFilter.doFilterInternal(FormContentFilter.java:93) ~[spring-web-5.3.3.jar:5.3.3]
	at org.springframework.web.filter.OncePerRequestFilter.doFilter(OncePerRequestFilter.java:119) ~[spring-web-5.3.3.jar:5.3.3]
	at org.apache.catalina.core.ApplicationFilterChain.internalDoFilter(ApplicationFilterChain.java:193) ~[tomcat-embed-core-9.0.41.jar:9.0.41]
	at org.apache.catalina.core.ApplicationFilterChain.doFilter(ApplicationFilterChain.java:166) ~[tomcat-embed-core-9.0.41.jar:9.0.41]
	at org.springframework.web.filter.CharacterEncodingFilter.doFilterInternal(CharacterEncodingFilter.java:201) ~[spring-web-5.3.3.jar:5.3.3]
	at org.springframework.web.filter.OncePerRequestFilter.doFilter(OncePerRequestFilter.java:119) ~[spring-web-5.3.3.jar:5.3.3]
	at org.apache.catalina.core.ApplicationFilterChain.internalDoFilter(ApplicationFilterChain.java:193) ~[tomcat-embed-core-9.0.41.jar:9.0.41]
	at org.apache.catalina.core.ApplicationFilterChain.doFilter(ApplicationFilterChain.java:166) ~[tomcat-embed-core-9.0.41.jar:9.0.41]
	at org.apache.catalina.core.StandardWrapperValve.invoke(StandardWrapperValve.java:202) ~[tomcat-embed-core-9.0.41.jar:9.0.41]
	at org.apache.catalina.core.StandardContextValve.invoke(StandardContextValve.java:97) ~[tomcat-embed-core-9.0.41.jar:9.0.41]
	at org.apache.catalina.authenticator.AuthenticatorBase.invoke(AuthenticatorBase.java:542) ~[tomcat-embed-core-9.0.41.jar:9.0.41]
	at org.apache.catalina.core.StandardHostValve.invoke(StandardHostValve.java:143) ~[tomcat-embed-core-9.0.41.jar:9.0.41]
	at org.apache.catalina.valves.ErrorReportValve.invoke(ErrorReportValve.java:92) ~[tomcat-embed-core-9.0.41.jar:9.0.41]
	at org.apache.catalina.core.StandardEngineValve.invoke(StandardEngineValve.java:78) ~[tomcat-embed-core-9.0.41.jar:9.0.41]
	at org.apache.catalina.connector.CoyoteAdapter.service(CoyoteAdapter.java:343) ~[tomcat-embed-core-9.0.41.jar:9.0.41]
	at org.apache.coyote.http11.Http11Processor.service(Http11Processor.java:374) ~[tomcat-embed-core-9.0.41.jar:9.0.41]
	at org.apache.coyote.AbstractProcessorLight.process(AbstractProcessorLight.java:65) ~[tomcat-embed-core-9.0.41.jar:9.0.41]
	at org.apache.coyote.AbstractProtocol$ConnectionHandler.process(AbstractProtocol.java:888) ~[tomcat-embed-core-9.0.41.jar:9.0.41]
	at org.apache.tomcat.util.net.NioEndpoint$SocketProcessor.doRun(NioEndpoint.java:1597) ~[tomcat-embed-core-9.0.41.jar:9.0.41]
	at org.apache.tomcat.util.net.SocketProcessorBase.run(SocketProcessorBase.java:49) ~[tomcat-embed-core-9.0.41.jar:9.0.41]
	at java.base/java.util.concurrent.ThreadPoolExecutor.runWorker(ThreadPoolExecutor.java:1130) ~[na:na]
	at java.base/java.util.concurrent.ThreadPoolExecutor$Worker.run(ThreadPoolExecutor.java:630) ~[na:na]
	at org.apache.tomcat.util.threads.TaskThread$WrappingRunnable.run(TaskThread.java:61) ~[tomcat-embed-core-9.0.41.jar:9.0.41]
	at java.base/java.lang.Thread.run(Thread.java:832) ~[na:na]

2021-02-15 21:44:18.486 ERROR 7240 --- [http-nio-8080-exec-2] o.a.c.c.C.[.[.[/].[dispatcherServlet]    : Servlet.service() for servlet [dispatcherServlet] in context with path [] threw exception [Request processing failed; nested exception is org.springframework.dao.InvalidDataAccessApiUsageException: Entity must not be null.; nested exception is java.lang.IllegalArgumentException: Entity must not be null.] with root cause

java.lang.IllegalArgumentException: Entity must not be null.
	at org.springframework.util.Assert.notNull(Assert.java:201) ~[spring-core-5.3.3.jar:5.3.3]
	at org.springframework.data.jpa.repository.support.SimpleJpaRepository.save(SimpleJpaRepository.java:554) ~[spring-data-jpa-2.4.3.jar:2.4.3]
	at java.base/jdk.internal.reflect.NativeMethodAccessorImpl.invoke0(Native Method) ~[na:na]
	at java.base/jdk.internal.reflect.NativeMethodAccessorImpl.invoke(NativeMethodAccessorImpl.java:64) ~[na:na]
	at java.base/jdk.internal.reflect.DelegatingMethodAccessorImpl.invoke(DelegatingMethodAccessorImpl.java:43) ~[na:na]
	at java.base/java.lang.reflect.Method.invoke(Method.java:564) ~[na:na]
	at org.springframework.data.repository.core.support.RepositoryMethodInvoker$RepositoryFragmentMethodInvoker.lambda$new$0(RepositoryMethodInvoker.java:289) ~[spring-data-commons-2.4.3.jar:2.4.3]
	at org.springframework.data.repository.core.support.RepositoryMethodInvoker.doInvoke(RepositoryMethodInvoker.java:137) ~[spring-data-commons-2.4.3.jar:2.4.3]
	at org.springframework.data.repository.core.support.RepositoryMethodInvoker.invoke(RepositoryMethodInvoker.java:121) ~[spring-data-commons-2.4.3.jar:2.4.3]
	at org.springframework.data.repository.core.support.RepositoryComposition$RepositoryFragments.invoke(RepositoryComposition.java:524) ~[spring-data-commons-2.4.3.jar:2.4.3]
	at org.springframework.data.repository.core.support.RepositoryComposition.invoke(RepositoryComposition.java:285) ~[spring-data-commons-2.4.3.jar:2.4.3]
	at org.springframework.data.repository.core.support.RepositoryFactorySupport$ImplementationMethodExecutionInterceptor.invoke(RepositoryFactorySupport.java:531) ~[spring-data-commons-2.4.3.jar:2.4.3]
	at org.springframework.aop.framework.ReflectiveMethodInvocation.proceed(ReflectiveMethodInvocation.java:186) ~[spring-aop-5.3.3.jar:5.3.3]
	at org.springframework.data.repository.core.support.QueryExecutorMethodInterceptor.doInvoke(QueryExecutorMethodInterceptor.java:156) ~[spring-data-commons-2.4.3.jar:2.4.3]
	at org.springframework.data.repository.core.support.QueryExecutorMethodInterceptor.invoke(QueryExecutorMethodInterceptor.java:131) ~[spring-data-commons-2.4.3.jar:2.4.3]
	at org.springframework.aop.framework.ReflectiveMethodInvocation.proceed(ReflectiveMethodInvocation.java:186) ~[spring-aop-5.3.3.jar:5.3.3]
	at org.springframework.data.projection.DefaultMethodInvokingMethodInterceptor.invoke(DefaultMethodInvokingMethodInterceptor.java:80) ~[spring-data-commons-2.4.3.jar:2.4.3]
	at org.springframework.aop.framework.ReflectiveMethodInvocation.proceed(ReflectiveMethodInvocation.java:186) ~[spring-aop-5.3.3.jar:5.3.3]
	at org.springframework.transaction.interceptor.TransactionInterceptor$1.proceedWithInvocation(TransactionInterceptor.java:123) ~[spring-tx-5.3.3.jar:5.3.3]
	at org.springframework.transaction.interceptor.TransactionAspectSupport.invokeWithinTransaction(TransactionAspectSupport.java:388) ~[spring-tx-5.3.3.jar:5.3.3]
	at org.springframework.transaction.interceptor.TransactionInterceptor.invoke(TransactionInterceptor.java:119) ~[spring-tx-5.3.3.jar:5.3.3]
	at org.springframework.aop.framework.ReflectiveMethodInvocation.proceed(ReflectiveMethodInvocation.java:186) ~[spring-aop-5.3.3.jar:5.3.3]
	at org.springframework.dao.support.PersistenceExceptionTranslationInterceptor.invoke(PersistenceExceptionTranslationInterceptor.java:137) ~[spring-tx-5.3.3.jar:5.3.3]
	at org.springframework.aop.framework.ReflectiveMethodInvocation.proceed(ReflectiveMethodInvocation.java:186) ~[spring-aop-5.3.3.jar:5.3.3]
	at org.springframework.data.jpa.repository.support.CrudMethodMetadataPostProcessor$CrudMethodMetadataPopulatingMethodInterceptor.invoke(CrudMethodMetadataPostProcessor.java:174) ~[spring-data-jpa-2.4.3.jar:2.4.3]
	at org.springframework.aop.framework.ReflectiveMethodInvocation.proceed(ReflectiveMethodInvocation.java:186) ~[spring-aop-5.3.3.jar:5.3.3]
	at org.springframework.aop.interceptor.ExposeInvocationInterceptor.invoke(ExposeInvocationInterceptor.java:97) ~[spring-aop-5.3.3.jar:5.3.3]
	at org.springframework.aop.framework.ReflectiveMethodInvocation.proceed(ReflectiveMethodInvocation.java:186) ~[spring-aop-5.3.3.jar:5.3.3]
	at org.springframework.aop.framework.JdkDynamicAopProxy.invoke(JdkDynamicAopProxy.java:215) ~[spring-aop-5.3.3.jar:5.3.3]
	at com.sun.proxy.$Proxy77.save(Unknown Source) ~[na:na]
	at it.sirfin.CatalogoProdottiGal.service.impl.CatalogoProdottiServiceImpl.inserisciProdotto(CatalogoProdottiServiceImpl.java:29) ~[classes/:na]
	at it.sirfin.CatalogoProdottiGal.controller.CatalogoProdottiContoller.inserisciProdotto(CatalogoProdottiContoller.java:38) ~[classes/:na]
	at java.base/jdk.internal.reflect.NativeMethodAccessorImpl.invoke0(Native Method) ~[na:na]
	at java.base/jdk.internal.reflect.NativeMethodAccessorImpl.invoke(NativeMethodAccessorImpl.java:64) ~[na:na]
	at java.base/jdk.internal.reflect.DelegatingMethodAccessorImpl.invoke(DelegatingMethodAccessorImpl.java:43) ~[na:na]
	at java.base/java.lang.reflect.Method.invoke(Method.java:564) ~[na:na]
	at org.springframework.web.method.support.InvocableHandlerMethod.doInvoke(InvocableHandlerMethod.java:197) ~[spring-web-5.3.3.jar:5.3.3]
	at org.springframework.web.method.support.InvocableHandlerMethod.invokeForRequest(InvocableHandlerMethod.java:141) ~[spring-web-5.3.3.jar:5.3.3]
	at org.springframework.web.servlet.mvc.method.annotation.ServletInvocableHandlerMethod.invokeAndHandle(ServletInvocableHandlerMethod.java:106) ~[spring-webmvc-5.3.3.jar:5.3.3]
	at org.springframework.web.servlet.mvc.method.annotation.RequestMappingHandlerAdapter.invokeHandlerMethod(RequestMappingHandlerAdapter.java:894) ~[spring-webmvc-5.3.3.jar:5.3.3]
	at org.springframework.web.servlet.mvc.method.annotation.RequestMappingHandlerAdapter.handleInternal(RequestMappingHandlerAdapter.java:808) ~[spring-webmvc-5.3.3.jar:5.3.3]
	at org.springframework.web.servlet.mvc.method.AbstractHandlerMethodAdapter.handle(AbstractHandlerMethodAdapter.java:87) ~[spring-webmvc-5.3.3.jar:5.3.3]
	at org.springframework.web.servlet.DispatcherServlet.doDispatch(DispatcherServlet.java:1060) ~[spring-webmvc-5.3.3.jar:5.3.3]
	at org.springframework.web.servlet.DispatcherServlet.doService(DispatcherServlet.java:962) ~[spring-webmvc-5.3.3.jar:5.3.3]
	at org.springframework.web.servlet.FrameworkServlet.processRequest(FrameworkServlet.java:1006) ~[spring-webmvc-5.3.3.jar:5.3.3]
	at org.springframework.web.servlet.FrameworkServlet.doPost(FrameworkServlet.java:909) ~[spring-webmvc-5.3.3.jar:5.3.3]
	at javax.servlet.http.HttpServlet.service(HttpServlet.java:652) ~[tomcat-embed-core-9.0.41.jar:4.0.FR]
	at org.springframework.web.servlet.FrameworkServlet.service(FrameworkServlet.java:883) ~[spring-webmvc-5.3.3.jar:5.3.3]
	at javax.servlet.http.HttpServlet.service(HttpServlet.java:733) ~[tomcat-embed-core-9.0.41.jar:4.0.FR]
	at org.apache.catalina.core.ApplicationFilterChain.internalDoFilter(ApplicationFilterChain.java:231) ~[tomcat-embed-core-9.0.41.jar:9.0.41]
	at org.apache.catalina.core.ApplicationFilterChain.doFilter(ApplicationFilterChain.java:166) ~[tomcat-embed-core-9.0.41.jar:9.0.41]
	at org.apache.tomcat.websocket.server.WsFilter.doFilter(WsFilter.java:53) ~[tomcat-embed-websocket-9.0.41.jar:9.0.41]
	at org.apache.catalina.core.ApplicationFilterChain.internalDoFilter(ApplicationFilterChain.java:193) ~[tomcat-embed-core-9.0.41.jar:9.0.41]
	at org.apache.catalina.core.ApplicationFilterChain.doFilter(ApplicationFilterChain.java:166) ~[tomcat-embed-core-9.0.41.jar:9.0.41]
	at org.springframework.web.filter.RequestContextFilter.doFilterInternal(RequestContextFilter.java:100) ~[spring-web-5.3.3.jar:5.3.3]
	at org.springframework.web.filter.OncePerRequestFilter.doFilter(OncePerRequestFilter.java:119) ~[spring-web-5.3.3.jar:5.3.3]
	at org.apache.catalina.core.ApplicationFilterChain.internalDoFilter(ApplicationFilterChain.java:193) ~[tomcat-embed-core-9.0.41.jar:9.0.41]
	at org.apache.catalina.core.ApplicationFilterChain.doFilter(ApplicationFilterChain.java:166) ~[tomcat-embed-core-9.0.41.jar:9.0.41]
	at org.springframework.web.filter.FormContentFilter.doFilterInternal(FormContentFilter.java:93) ~[spring-web-5.3.3.jar:5.3.3]
	at org.springframework.web.filter.OncePerRequestFilter.doFilter(OncePerRequestFilter.java:119) ~[spring-web-5.3.3.jar:5.3.3]
	at org.apache.catalina.core.ApplicationFilterChain.internalDoFilter(ApplicationFilterChain.java:193) ~[tomcat-embed-core-9.0.41.jar:9.0.41]
	at org.apache.catalina.core.ApplicationFilterChain.doFilter(ApplicationFilterChain.java:166) ~[tomcat-embed-core-9.0.41.jar:9.0.41]
	at org.springframework.web.filter.CharacterEncodingFilter.doFilterInternal(CharacterEncodingFilter.java:201) ~[spring-web-5.3.3.jar:5.3.3]
	at org.springframework.web.filter.OncePerRequestFilter.doFilter(OncePerRequestFilter.java:119) ~[spring-web-5.3.3.jar:5.3.3]
	at org.apache.catalina.core.ApplicationFilterChain.internalDoFilter(ApplicationFilterChain.java:193) ~[tomcat-embed-core-9.0.41.jar:9.0.41]
	at org.apache.catalina.core.ApplicationFilterChain.doFilter(ApplicationFilterChain.java:166) ~[tomcat-embed-core-9.0.41.jar:9.0.41]
	at org.apache.catalina.core.StandardWrapperValve.invoke(StandardWrapperValve.java:202) ~[tomcat-embed-core-9.0.41.jar:9.0.41]
	at org.apache.catalina.core.StandardContextValve.invoke(StandardContextValve.java:97) ~[tomcat-embed-core-9.0.41.jar:9.0.41]
	at org.apache.catalina.authenticator.AuthenticatorBase.invoke(AuthenticatorBase.java:542) ~[tomcat-embed-core-9.0.41.jar:9.0.41]
	at org.apache.catalina.core.StandardHostValve.invoke(StandardHostValve.java:143) ~[tomcat-embed-core-9.0.41.jar:9.0.41]
	at org.apache.catalina.valves.ErrorReportValve.invoke(ErrorReportValve.java:92) ~[tomcat-embed-core-9.0.41.jar:9.0.41]
	at org.apache.catalina.core.StandardEngineValve.invoke(StandardEngineValve.java:78) ~[tomcat-embed-core-9.0.41.jar:9.0.41]
	at org.apache.catalina.connector.CoyoteAdapter.service(CoyoteAdapter.java:343) ~[tomcat-embed-core-9.0.41.jar:9.0.41]
	at org.apache.coyote.http11.Http11Processor.service(Http11Processor.java:374) ~[tomcat-embed-core-9.0.41.jar:9.0.41]
	at org.apache.coyote.AbstractProcessorLight.process(AbstractProcessorLight.java:65) ~[tomcat-embed-core-9.0.41.jar:9.0.41]
	at org.apache.coyote.AbstractProtocol$ConnectionHandler.process(AbstractProtocol.java:888) ~[tomcat-embed-core-9.0.41.jar:9.0.41]
	at org.apache.tomcat.util.net.NioEndpoint$SocketProcessor.doRun(NioEndpoint.java:1597) ~[tomcat-embed-core-9.0.41.jar:9.0.41]
	at org.apache.tomcat.util.net.SocketProcessorBase.run(SocketProcessorBase.java:49) ~[tomcat-embed-core-9.0.41.jar:9.0.41]
	at java.base/java.util.concurrent.ThreadPoolExecutor.runWorker(ThreadPoolExecutor.java:1130) ~[na:na]
	at java.base/java.util.concurrent.ThreadPoolExecutor$Worker.run(ThreadPoolExecutor.java:630) ~[na:na]
	at org.apache.tomcat.util.threads.TaskThread$WrappingRunnable.run(TaskThread.java:61) ~[tomcat-embed-core-9.0.41.jar:9.0.41]
	at java.base/java.lang.Thread.run(Thread.java:832) ~[na:na]

2021-02-15 21:58:34.459  WARN 16092 --- [main] JpaBaseConfiguration$JpaWebConfiguration : spring.jpa.open-in-view is enabled by default. Therefore, database queries may be performed during view rendering. Explicitly configure spring.jpa.open-in-view to disable this warning
2021-02-15 21:58:37.685 DEBUG 16092 --- [http-nio-8080-exec-1] org.hibernate.SQL                        : select prodotto0_.id as id1_0_, prodotto0_.descrizione as descrizi2_0_, prodotto0_.prezzo as prezzo3_0_ from prodotto prodotto0_
2021-02-15 21:58:41.447 DEBUG 16092 --- [http-nio-8080-exec-2] org.hibernate.SQL                        : select next_val as id_val from hibernate_sequence for update
2021-02-15 21:58:41.447 DEBUG 16092 --- [http-nio-8080-exec-2] org.hibernate.SQL                        : update hibernate_sequence set next_val= ? where next_val=?
2021-02-15 21:58:41.534 DEBUG 16092 --- [http-nio-8080-exec-2] org.hibernate.SQL                        : insert into prodotto (descrizione, prezzo, id) values (?, ?, ?)
2021-02-15 21:58:41.536 TRACE 16092 --- [http-nio-8080-exec-2] o.h.type.descriptor.sql.BasicBinder      : binding parameter [1] as [VARCHAR] - [vsdgsv]
2021-02-15 21:58:41.537 TRACE 16092 --- [http-nio-8080-exec-2] o.h.type.descriptor.sql.BasicBinder      : binding parameter [2] as [DOUBLE] - [1.471452E7]
2021-02-15 21:58:41.537 TRACE 16092 --- [http-nio-8080-exec-2] o.h.type.descriptor.sql.BasicBinder      : binding parameter [3] as [BIGINT] - [7]
2021-02-15 21:58:41.611 DEBUG 16092 --- [http-nio-8080-exec-2] org.hibernate.SQL                        : select prodotto0_.id as id1_0_, prodotto0_.descrizione as descrizi2_0_, prodotto0_.prezzo as prezzo3_0_ from prodotto prodotto0_
2021-02-15 21:58:49.817 DEBUG 16092 --- [http-nio-8080-exec-3] org.hibernate.SQL                        : select prodotto0_.id as id1_0_, prodotto0_.descrizione as descrizi2_0_, prodotto0_.prezzo as prezzo3_0_ from prodotto prodotto0_
2021-02-15 21:58:58.236 DEBUG 16092 --- [http-nio-8080-exec-4] org.hibernate.SQL                        : select prodotto0_.id as id1_0_, prodotto0_.descrizione as descrizi2_0_, prodotto0_.prezzo as prezzo3_0_ from prodotto prodotto0_
2021-02-15 21:59:32.158 DEBUG 16092 --- [http-nio-8080-exec-5] org.hibernate.SQL                        : select prodotto0_.id as id1_0_, prodotto0_.descrizione as descrizi2_0_, prodotto0_.prezzo as prezzo3_0_ from prodotto prodotto0_
2021-02-15 21:59:34.007 DEBUG 16092 --- [http-nio-8080-exec-6] org.hibernate.SQL                        : select prodotto0_.id as id1_0_, prodotto0_.descrizione as descrizi2_0_, prodotto0_.prezzo as prezzo3_0_ from prodotto prodotto0_
2021-02-15 21:59:47.985 DEBUG 16092 --- [http-nio-8080-exec-7] org.hibernate.SQL                        : select prodotto0_.id as id1_0_, prodotto0_.descrizione as descrizi2_0_, prodotto0_.prezzo as prezzo3_0_ from prodotto prodotto0_
2021-02-15 21:59:50.987 DEBUG 16092 --- [http-nio-8080-exec-8] org.hibernate.SQL                        : select prodotto0_.id as id1_0_, prodotto0_.descrizione as descrizi2_0_, prodotto0_.prezzo as prezzo3_0_ from prodotto prodotto0_
2021-02-15 21:59:53.846 DEBUG 16092 --- [http-nio-8080-exec-9] org.hibernate.SQL                        : select prodotto0_.id as id1_0_, prodotto0_.descrizione as descrizi2_0_, prodotto0_.prezzo as prezzo3_0_ from prodotto prodotto0_
2021-02-15 21:59:54.772 DEBUG 16092 --- [http-nio-8080-exec-10] org.hibernate.SQL                        : select prodotto0_.id as id1_0_, prodotto0_.descrizione as descrizi2_0_, prodotto0_.prezzo as prezzo3_0_ from prodotto prodotto0_
2021-02-15 21:59:54.941 DEBUG 16092 --- [http-nio-8080-exec-1] org.hibernate.SQL                        : select prodotto0_.id as id1_0_, prodotto0_.descrizione as descrizi2_0_, prodotto0_.prezzo as prezzo3_0_ from prodotto prodotto0_
2021-02-15 21:59:55.174 DEBUG 16092 --- [http-nio-8080-exec-2] org.hibernate.SQL                        : select prodotto0_.id as id1_0_, prodotto0_.descrizione as descrizi2_0_, prodotto0_.prezzo as prezzo3_0_ from prodotto prodotto0_
2021-02-15 22:18:02.231  WARN 10384 --- [main] JpaBaseConfiguration$JpaWebConfiguration : spring.jpa.open-in-view is enabled by default. Therefore, database queries may be performed during view rendering. Explicitly configure spring.jpa.open-in-view to disable this warning
2021-02-15 22:18:03.558 DEBUG 10384 --- [http-nio-8080-exec-1] org.hibernate.SQL                        : select prodotto0_.id as id1_0_, prodotto0_.descrizione as descrizi2_0_, prodotto0_.prezzo as prezzo3_0_ from prodotto prodotto0_
2021-02-15 22:19:28.228 DEBUG 10384 --- [http-nio-8080-exec-3] org.hibernate.SQL                        : select prodotto0_.id as id1_0_, prodotto0_.descrizione as descrizi2_0_, prodotto0_.prezzo as prezzo3_0_ from prodotto prodotto0_
2021-02-15 22:19:29.640 DEBUG 10384 --- [http-nio-8080-exec-4] org.hibernate.SQL                        : select prodotto0_.id as id1_0_, prodotto0_.descrizione as descrizi2_0_, prodotto0_.prezzo as prezzo3_0_ from prodotto prodotto0_
2021-02-15 22:19:37.376 DEBUG 10384 --- [http-nio-8080-exec-6] org.hibernate.SQL                        : select prodotto0_.id as id1_0_, prodotto0_.descrizione as descrizi2_0_, prodotto0_.prezzo as prezzo3_0_ from prodotto prodotto0_
2021-02-15 22:19:42.966  WARN 10384 --- [http-nio-8080-exec-7] .w.s.m.s.DefaultHandlerExceptionResolver : Resolved [org.springframework.http.converter.HttpMessageNotReadableException: Required request body is missing: public it.sirfin.CatalogoProdottiGal.dto.CatalogoProdottiDto it.sirfin.CatalogoProdottiGal.controller.CatalogoProdottiContoller.cancellaProdotto(it.sirfin.CatalogoProdottiGal.dto.RichiestaProdottoDto)]
2021-02-15 22:19:46.519 DEBUG 10384 --- [http-nio-8080-exec-8] org.hibernate.SQL                        : select prodotto0_.id as id1_0_, prodotto0_.descrizione as descrizi2_0_, prodotto0_.prezzo as prezzo3_0_ from prodotto prodotto0_
2021-02-15 22:19:48.172 DEBUG 10384 --- [http-nio-8080-exec-10] org.hibernate.SQL                        : select prodotto0_.id as id1_0_, prodotto0_.descrizione as descrizi2_0_, prodotto0_.prezzo as prezzo3_0_ from prodotto prodotto0_
2021-02-15 22:19:48.829 DEBUG 10384 --- [http-nio-8080-exec-9] org.hibernate.SQL                        : select prodotto0_.id as id1_0_, prodotto0_.descrizione as descrizi2_0_, prodotto0_.prezzo as prezzo3_0_ from prodotto prodotto0_
2021-02-15 22:19:49.213 DEBUG 10384 --- [http-nio-8080-exec-1] org.hibernate.SQL                        : select prodotto0_.id as id1_0_, prodotto0_.descrizione as descrizi2_0_, prodotto0_.prezzo as prezzo3_0_ from prodotto prodotto0_
2021-02-15 22:19:49.406 DEBUG 10384 --- [http-nio-8080-exec-2] org.hibernate.SQL                        : select prodotto0_.id as id1_0_, prodotto0_.descrizione as descrizi2_0_, prodotto0_.prezzo as prezzo3_0_ from prodotto prodotto0_
2021-02-15 22:19:49.565 DEBUG 10384 --- [http-nio-8080-exec-3] org.hibernate.SQL                        : select prodotto0_.id as id1_0_, prodotto0_.descrizione as descrizi2_0_, prodotto0_.prezzo as prezzo3_0_ from prodotto prodotto0_
2021-02-15 22:20:13.463 DEBUG 10384 --- [http-nio-8080-exec-4] org.hibernate.SQL                        : select prodotto0_.id as id1_0_, prodotto0_.descrizione as descrizi2_0_, prodotto0_.prezzo as prezzo3_0_ from prodotto prodotto0_
2021-02-15 22:20:14.277 DEBUG 10384 --- [http-nio-8080-exec-5] org.hibernate.SQL                        : select prodotto0_.id as id1_0_, prodotto0_.descrizione as descrizi2_0_, prodotto0_.prezzo as prezzo3_0_ from prodotto prodotto0_
2021-02-15 22:20:21.883 DEBUG 10384 --- [http-nio-8080-exec-6] org.hibernate.SQL                        : select prodotto0_.id as id1_0_, prodotto0_.descrizione as descrizi2_0_, prodotto0_.prezzo as prezzo3_0_ from prodotto prodotto0_
2021-02-15 22:20:35.307 DEBUG 10384 --- [http-nio-8080-exec-8] org.hibernate.SQL                        : select prodotto0_.id as id1_0_, prodotto0_.descrizione as descrizi2_0_, prodotto0_.prezzo as prezzo3_0_ from prodotto prodotto0_
2021-02-15 22:20:45.031 DEBUG 10384 --- [http-nio-8080-exec-10] org.hibernate.SQL                        : select next_val as id_val from hibernate_sequence for update
2021-02-15 22:20:45.032 DEBUG 10384 --- [http-nio-8080-exec-10] org.hibernate.SQL                        : update hibernate_sequence set next_val= ? where next_val=?
2021-02-15 22:20:45.401 DEBUG 10384 --- [http-nio-8080-exec-10] org.hibernate.SQL                        : insert into prodotto (descrizione, prezzo, id) values (?, ?, ?)
2021-02-15 22:20:45.404 TRACE 10384 --- [http-nio-8080-exec-10] o.h.type.descriptor.sql.BasicBinder      : binding parameter [1] as [VARCHAR] - [fcefw]
2021-02-15 22:20:45.405 TRACE 10384 --- [http-nio-8080-exec-10] o.h.type.descriptor.sql.BasicBinder      : binding parameter [2] as [DOUBLE] - [254.0]
2021-02-15 22:20:45.405 TRACE 10384 --- [http-nio-8080-exec-10] o.h.type.descriptor.sql.BasicBinder      : binding parameter [3] as [BIGINT] - [8]
2021-02-15 22:20:45.442 DEBUG 10384 --- [http-nio-8080-exec-10] org.hibernate.SQL                        : select prodotto0_.id as id1_0_, prodotto0_.descrizione as descrizi2_0_, prodotto0_.prezzo as prezzo3_0_ from prodotto prodotto0_
2021-02-15 22:20:47.638 DEBUG 10384 --- [http-nio-8080-exec-9] org.hibernate.SQL                        : select prodotto0_.id as id1_0_, prodotto0_.descrizione as descrizi2_0_, prodotto0_.prezzo as prezzo3_0_ from prodotto prodotto0_
2021-02-15 22:21:07.731 DEBUG 10384 --- [http-nio-8080-exec-1] org.hibernate.SQL                        : select prodotto0_.id as id1_0_, prodotto0_.descrizione as descrizi2_0_, prodotto0_.prezzo as prezzo3_0_ from prodotto prodotto0_
2021-02-15 22:21:20.084 DEBUG 10384 --- [http-nio-8080-exec-2] org.hibernate.SQL                        : delete from prodotto
2021-02-15 22:21:32.455 DEBUG 10384 --- [http-nio-8080-exec-3] org.hibernate.SQL                        : select next_val as id_val from hibernate_sequence for update
2021-02-15 22:21:32.456 DEBUG 10384 --- [http-nio-8080-exec-3] org.hibernate.SQL                        : update hibernate_sequence set next_val= ? where next_val=?
2021-02-15 22:21:32.524 DEBUG 10384 --- [http-nio-8080-exec-3] org.hibernate.SQL                        : insert into prodotto (descrizione, prezzo, id) values (?, ?, ?)
2021-02-15 22:21:32.524 TRACE 10384 --- [http-nio-8080-exec-3] o.h.type.descriptor.sql.BasicBinder      : binding parameter [1] as [VARCHAR] - [Pizza]
2021-02-15 22:21:32.525 TRACE 10384 --- [http-nio-8080-exec-3] o.h.type.descriptor.sql.BasicBinder      : binding parameter [2] as [DOUBLE] - [26.62]
2021-02-15 22:21:32.525 TRACE 10384 --- [http-nio-8080-exec-3] o.h.type.descriptor.sql.BasicBinder      : binding parameter [3] as [BIGINT] - [9]
2021-02-15 22:21:32.567 DEBUG 10384 --- [http-nio-8080-exec-3] org.hibernate.SQL                        : select prodotto0_.id as id1_0_, prodotto0_.descrizione as descrizi2_0_, prodotto0_.prezzo as prezzo3_0_ from prodotto prodotto0_
2021-02-15 22:21:34.029 DEBUG 10384 --- [http-nio-8080-exec-4] org.hibernate.SQL                        : select prodotto0_.id as id1_0_, prodotto0_.descrizione as descrizi2_0_, prodotto0_.prezzo as prezzo3_0_ from prodotto prodotto0_
2021-02-15 22:21:45.908 DEBUG 10384 --- [http-nio-8080-exec-5] org.hibernate.SQL                        : select next_val as id_val from hibernate_sequence for update
2021-02-15 22:21:45.908 DEBUG 10384 --- [http-nio-8080-exec-5] org.hibernate.SQL                        : update hibernate_sequence set next_val= ? where next_val=?
2021-02-15 22:21:45.949 DEBUG 10384 --- [http-nio-8080-exec-5] org.hibernate.SQL                        : insert into prodotto (descrizione, prezzo, id) values (?, ?, ?)
2021-02-15 22:21:45.950 TRACE 10384 --- [http-nio-8080-exec-5] o.h.type.descriptor.sql.BasicBinder      : binding parameter [1] as [VARCHAR] - [Oppio]
2021-02-15 22:21:45.950 TRACE 10384 --- [http-nio-8080-exec-5] o.h.type.descriptor.sql.BasicBinder      : binding parameter [2] as [DOUBLE] - [503.0]
2021-02-15 22:21:45.950 TRACE 10384 --- [http-nio-8080-exec-5] o.h.type.descriptor.sql.BasicBinder      : binding parameter [3] as [BIGINT] - [10]
2021-02-15 22:21:45.986 DEBUG 10384 --- [http-nio-8080-exec-5] org.hibernate.SQL                        : select prodotto0_.id as id1_0_, prodotto0_.descrizione as descrizi2_0_, prodotto0_.prezzo as prezzo3_0_ from prodotto prodotto0_
2021-02-15 22:21:50.431 DEBUG 10384 --- [http-nio-8080-exec-6] org.hibernate.SQL                        : select prodotto0_.id as id1_0_, prodotto0_.descrizione as descrizi2_0_, prodotto0_.prezzo as prezzo3_0_ from prodotto prodotto0_
2021-02-15 22:25:25.217  WARN 10384 --- [http-nio-8080-exec-8] .w.s.m.s.DefaultHandlerExceptionResolver : Resolved [org.springframework.http.converter.HttpMessageNotReadableException: Required request body is missing: public it.sirfin.CatalogoProdottiGal.dto.CatalogoProdottiDto it.sirfin.CatalogoProdottiGal.controller.CatalogoProdottiContoller.cancellaProdotto(it.sirfin.CatalogoProdottiGal.dto.RichiestaProdottoDto)]
2021-02-15 22:25:42.004 DEBUG 10384 --- [http-nio-8080-exec-10] org.hibernate.SQL                        : select prodotto0_.id as id1_0_, prodotto0_.descrizione as descrizi2_0_, prodotto0_.prezzo as prezzo3_0_ from prodotto prodotto0_
